[30 Nov, 2024 - 20:29:22:2922] [34minfo[39m: [34m⚙️  Server is running on port: 8080[39m
[30 Nov, 2024 - 20:29:25:2925] [35mhttp[39m: [35m::ffff:127.0.0.1 GET / 404 - 11.384 ms[39m
[30 Nov, 2024 - 20:29:32:2932] [35mhttp[39m: [35m::ffff:127.0.0.1 GET /defa 404 - 5.314 ms[39m
[30 Nov, 2024 - 20:29:36:2936] [35mhttp[39m: [35m::ffff:127.0.0.1 GET /default 200 - 9.894 ms[39m
[30 Nov, 2024 - 22:02:17:217] [34minfo[39m: [34m⚙️  Server is running on port: 8080[39m
[30 Nov, 2024 - 22:02:57:257] [35mhttp[39m: [35m::ffff:127.0.0.1 POST /api/v1/auth/register 200 - 547.394 ms[39m
[30 Nov, 2024 - 22:04:10:410] [35mhttp[39m: [35m::ffff:127.0.0.1 POST /api/v1/auth/register 400 - 8.079 ms[39m
[30 Nov, 2024 - 22:04:26:426] [34minfo[39m: [34m⚙️  Server is running on port: 8080[39m
[30 Nov, 2024 - 22:04:37:437] [34minfo[39m: [34m⚙️  Server is running on port: 8080[39m
[30 Nov, 2024 - 22:05:06:56] [35mhttp[39m: [35m::ffff:127.0.0.1 POST /api/v1/auth/login 200 - 382.263 ms[39m
[30 Nov, 2024 - 22:05:24:524] [35mhttp[39m: [35m::ffff:127.0.0.1 POST /api/v1/auth/login 400 - 155.390 ms[39m
[30 Nov, 2024 - 22:05:29:529] [35mhttp[39m: [35m::ffff:127.0.0.1 POST /api/v1/auth/login 400 - 6.132 ms[39m
[30 Nov, 2024 - 22:07:10:710] [35mhttp[39m: [35m::ffff:127.0.0.1 DELETE /api/v1/auth/logout 200 - 124.162 ms[39m
[30 Nov, 2024 - 22:07:39:739] [35mhttp[39m: [35m::ffff:127.0.0.1 POST /api/v1/auth/login 400 - 5.119 ms[39m
[30 Nov, 2024 - 22:07:46:746] [35mhttp[39m: [35m::ffff:127.0.0.1 POST /api/v1/auth/login 200 - 255.210 ms[39m
[30 Nov, 2024 - 22:43:27:4327] [34minfo[39m: [34m⚙️  Server is running on port: 8080[39m
[30 Nov, 2024 - 22:43:33:4333] [34minfo[39m: [34m⚙️  Server is running on port: 8080[39m
[30 Nov, 2024 - 22:43:44:4344] [34minfo[39m: [34m⚙️  Server is running on port: 8080[39m
[30 Nov, 2024 - 22:43:48:4348] [34minfo[39m: [34m⚙️  Server is running on port: 8080[39m
[30 Nov, 2024 - 22:43:55:4355] [34minfo[39m: [34m⚙️  Server is running on port: 8080[39m
[30 Nov, 2024 - 22:43:58:4358] [34minfo[39m: [34m⚙️  Server is running on port: 8080[39m
[30 Nov, 2024 - 22:44:06:446] [34minfo[39m: [34m⚙️  Server is running on port: 8080[39m
[30 Nov, 2024 - 22:56:34:5634] [34minfo[39m: [34m⚙️  Server is running on port: 8080[39m
[30 Nov, 2024 - 22:56:36:5636] [34minfo[39m: [34m⚙️  Server is running on port: 8080[39m
[30 Nov, 2024 - 22:56:48:5648] [34minfo[39m: [34m⚙️  Server is running on port: 8080[39m
[30 Nov, 2024 - 22:56:51:5651] [34minfo[39m: [34m⚙️  Server is running on port: 8080[39m
[30 Nov, 2024 - 22:56:57:5657] [34minfo[39m: [34m⚙️  Server is running on port: 8080[39m
[30 Nov, 2024 - 23:04:09:49] [34minfo[39m: [34m⚙️  Server is running on port: 8080[39m
[30 Nov, 2024 - 23:04:15:415] [34minfo[39m: [34m⚙️  Server is running on port: 8080[39m
[30 Nov, 2024 - 23:04:21:421] [34minfo[39m: [34m⚙️  Server is running on port: 8080[39m
[30 Nov, 2024 - 23:04:27:427] [34minfo[39m: [34m⚙️  Server is running on port: 8080[39m
[30 Nov, 2024 - 23:04:31:431] [34minfo[39m: [34m⚙️  Server is running on port: 8080[39m
[30 Nov, 2024 - 23:04:34:434] [34minfo[39m: [34m⚙️  Server is running on port: 8080[39m
[30 Nov, 2024 - 23:04:39:439] [34minfo[39m: [34m⚙️  Server is running on port: 8080[39m
[30 Nov, 2024 - 23:04:45:445] [34minfo[39m: [34m⚙️  Server is running on port: 8080[39m
[30 Nov, 2024 - 23:04:51:451] [34minfo[39m: [34m⚙️  Server is running on port: 8080[39m
[30 Nov, 2024 - 23:04:54:454] [34minfo[39m: [34m⚙️  Server is running on port: 8080[39m
[30 Nov, 2024 - 23:04:56:456] [34minfo[39m: [34m⚙️  Server is running on port: 8080[39m
[30 Nov, 2024 - 23:05:01:51] [34minfo[39m: [34m⚙️  Server is running on port: 8080[39m
[01 Dec, 2024 - 17:04:58:458] [34minfo[39m: [34m⚙️  Server is running on port: 8080[39m
[01 Dec, 2024 - 17:05:40:540] [34minfo[39m: [34m⚙️  Server is running on port: 8080[39m
[01 Dec, 2024 - 17:05:43:543] [34minfo[39m: [34m⚙️  Server is running on port: 8080[39m
[01 Dec, 2024 - 17:05:45:545] [34minfo[39m: [34m⚙️  Server is running on port: 8080[39m
[01 Dec, 2024 - 17:05:48:548] [34minfo[39m: [34m⚙️  Server is running on port: 8080[39m
[01 Dec, 2024 - 17:05:50:550] [34minfo[39m: [34m⚙️  Server is running on port: 8080[39m
[01 Dec, 2024 - 17:05:54:554] [34minfo[39m: [34m⚙️  Server is running on port: 8080[39m
[01 Dec, 2024 - 17:06:16:616] [34minfo[39m: [34m⚙️  Server is running on port: 8080[39m
[01 Dec, 2024 - 17:06:24:624] [35mhttp[39m: [35m::1 GET /api/v1/default 404 - 4.574 ms[39m
[01 Dec, 2024 - 17:06:37:637] [35mhttp[39m: [35m::1 GET /default 200 - 14.025 ms[39m
[01 Dec, 2024 - 17:07:51:751] [34minfo[39m: [34m⚙️  Server is running on port: 8080[39m
[01 Dec, 2024 - 17:07:57:757] [34minfo[39m: [34m⚙️  Server is running on port: 8080[39m
[01 Dec, 2024 - 17:08:03:83] [34minfo[39m: [34m⚙️  Server is running on port: 8080[39m
[01 Dec, 2024 - 17:08:31:831] [34minfo[39m: [34m⚙️  Server is running on port: 8080[39m
[01 Dec, 2024 - 17:08:34:834] [34minfo[39m: [34m⚙️  Server is running on port: 8080[39m
[01 Dec, 2024 - 17:08:47:847] [34minfo[39m: [34m⚙️  Server is running on port: 8080[39m
[01 Dec, 2024 - 17:09:03:93] [31merror[39m: [31mUnauthorized request[39m
[01 Dec, 2024 - 17:09:03:93] [35mhttp[39m: [35m::1 GET /api/v1/transaction 401 - 10.829 ms[39m
[01 Dec, 2024 - 17:10:14:1014] [35mhttp[39m: [35m::1 POST /api/v1/auth/login 200 - 390.390 ms[39m
[01 Dec, 2024 - 17:10:52:1052] [31merror[39m: [31m[39m
[31mInvalid `prisma.category.findUnique()` invocation in[39m
[31m/home/ayomide/code/build/tranzact-app/server/src/controllers/transaction.control.ts:69:47[39m

[31m  66 [39m
[31m  67 let setCategoryId: string | null | undefined;[39m
[31m  68 [39m
[31m→ 69 const checkCategory = await prisma.category.findUnique({[39m
[31m       where: {[39m
[31m         name: undefined,[39m
[31m         userId: "cm44nsr2900009f6upoxma1t7",[39m
[31m     ?   id?: String,[39m
[31m     ?   AND?: CategoryWhereInput | CategoryWhereInput[],[39m
[31m     ?   OR?: CategoryWhereInput[],[39m
[31m     ?   NOT?: CategoryWhereInput | CategoryWhereInput[],[39m
[31m     ?   createdAt?: DateTimeFilter | DateTime,[39m
[31m     ?   transaction?: TransactionListRelationFilter,[39m
[31m     ?   user?: UserRelationFilter | UserWhereInput[39m
[31m       }[39m
[31m     })[39m

[31mArgument `where` of type CategoryWhereUniqueInput needs at least one of `id` or `name` arguments. Available options are marked with ?.[39m
[01 Dec, 2024 - 17:10:52:1052] [35mhttp[39m: [35m::1 POST /api/v1/transaction 500 - 33.594 ms[39m
[01 Dec, 2024 - 17:11:27:1127] [35mhttp[39m: [35m::1 GET /api/v1/transaction 200 - 10.710 ms[39m
[01 Dec, 2024 - 17:11:47:1147] [31merror[39m: [31m[39m
[31mInvalid `prisma.category.findUnique()` invocation in[39m
[31m/home/ayomide/code/build/tranzact-app/server/src/controllers/transaction.control.ts:69:47[39m

[31m  66 [39m
[31m  67 let setCategoryId: string | null | undefined;[39m
[31m  68 [39m
[31m→ 69 const checkCategory = await prisma.category.findUnique({[39m
[31m       where: {[39m
[31m         name: undefined,[39m
[31m         userId: "cm44nsr2900009f6upoxma1t7",[39m
[31m     ?   id?: String,[39m
[31m     ?   AND?: CategoryWhereInput | CategoryWhereInput[],[39m
[31m     ?   OR?: CategoryWhereInput[],[39m
[31m     ?   NOT?: CategoryWhereInput | CategoryWhereInput[],[39m
[31m     ?   createdAt?: DateTimeFilter | DateTime,[39m
[31m     ?   transaction?: TransactionListRelationFilter,[39m
[31m     ?   user?: UserRelationFilter | UserWhereInput[39m
[31m       }[39m
[31m     })[39m

[31mArgument `where` of type CategoryWhereUniqueInput needs at least one of `id` or `name` arguments. Available options are marked with ?.[39m
[01 Dec, 2024 - 17:11:47:1147] [35mhttp[39m: [35m::1 POST /api/v1/transaction 500 - 28.070 ms[39m
[01 Dec, 2024 - 17:11:54:1154] [31merror[39m: [31m[39m
[31mInvalid `prisma.category.findUnique()` invocation in[39m
[31m/home/ayomide/code/build/tranzact-app/server/src/controllers/transaction.control.ts:69:47[39m

[31m  66 [39m
[31m  67 let setCategoryId: string | null | undefined;[39m
[31m  68 [39m
[31m→ 69 const checkCategory = await prisma.category.findUnique({[39m
[31m       where: {[39m
[31m         name: undefined,[39m
[31m         userId: "cm44nsr2900009f6upoxma1t7",[39m
[31m     ?   id?: String,[39m
[31m     ?   AND?: CategoryWhereInput | CategoryWhereInput[],[39m
[31m     ?   OR?: CategoryWhereInput[],[39m
[31m     ?   NOT?: CategoryWhereInput | CategoryWhereInput[],[39m
[31m     ?   createdAt?: DateTimeFilter | DateTime,[39m
[31m     ?   transaction?: TransactionListRelationFilter,[39m
[31m     ?   user?: UserRelationFilter | UserWhereInput[39m
[31m       }[39m
[31m     })[39m

[31mArgument `where` of type CategoryWhereUniqueInput needs at least one of `id` or `name` arguments. Available options are marked with ?.[39m
[01 Dec, 2024 - 17:11:54:1154] [35mhttp[39m: [35m::1 POST /api/v1/transaction 500 - 17.578 ms[39m
[01 Dec, 2024 - 17:12:42:1242] [35mhttp[39m: [35m::1 GET /api/v1/transaction 200 - 12.419 ms[39m
[01 Dec, 2024 - 17:14:24:1424] [35mhttp[39m: [35m::1 GET /api/v1/transaction 200 - 11.690 ms[39m
[01 Dec, 2024 - 17:16:32:1632] [35mhttp[39m: [35m::1 POST /api/v1/transaction 201 - 299.093 ms[39m
[01 Dec, 2024 - 17:17:23:1723] [35mhttp[39m: [35m::1 GET /api/v1/transaction 200 - 22.406 ms[39m
[01 Dec, 2024 - 17:17:44:1744] [34minfo[39m: [34m⚙️  Server is running on port: 8080[39m
[01 Dec, 2024 - 17:17:48:1748] [34minfo[39m: [34m⚙️  Server is running on port: 8080[39m
[01 Dec, 2024 - 17:18:02:182] [34minfo[39m: [34m⚙️  Server is running on port: 8080[39m
[01 Dec, 2024 - 17:18:06:186] [34minfo[39m: [34m⚙️  Server is running on port: 8080[39m
[01 Dec, 2024 - 17:18:12:1812] [34minfo[39m: [34m⚙️  Server is running on port: 8080[39m
[01 Dec, 2024 - 17:18:19:1819] [34minfo[39m: [34m⚙️  Server is running on port: 8080[39m
[01 Dec, 2024 - 17:19:04:194] [35mhttp[39m: [35m::1 GET /api/v1/transaction/category 200 - 37.721 ms[39m
[01 Dec, 2024 - 17:19:37:1937] [35mhttp[39m: [35m::1 POST /api/v1/transaction 201 - 314.756 ms[39m
[01 Dec, 2024 - 17:19:44:1944] [35mhttp[39m: [35m::1 GET /api/v1/transaction 200 - 15.818 ms[39m
[01 Dec, 2024 - 17:19:55:1955] [35mhttp[39m: [35m::1 GET /api/v1/transaction/category 200 - 17.702 ms[39m
[01 Dec, 2024 - 17:21:32:2132] [34minfo[39m: [34m⚙️  Server is running on port: 8080[39m
[01 Dec, 2024 - 17:21:37:2137] [34minfo[39m: [34m⚙️  Server is running on port: 8080[39m
[01 Dec, 2024 - 17:21:46:2146] [34minfo[39m: [34m⚙️  Server is running on port: 8080[39m
[01 Dec, 2024 - 17:21:50:2150] [34minfo[39m: [34m⚙️  Server is running on port: 8080[39m
[01 Dec, 2024 - 17:22:05:225] [34minfo[39m: [34m⚙️  Server is running on port: 8080[39m
[01 Dec, 2024 - 17:22:07:227] [35mhttp[39m: [35m::1 PATCH /api/v1/transaction/cm45t0ai10003mtxhodhspiu9 201 - 164.927 ms[39m
[01 Dec, 2024 - 17:22:16:2216] [35mhttp[39m: [35m::1 GET /api/v1/transaction 200 - 23.563 ms[39m
[01 Dec, 2024 - 17:23:08:238] [35mhttp[39m: [35m::1 PATCH /api/v1/transaction/cm45t0ai10003mtxhodhspiu9 201 - 144.194 ms[39m
[01 Dec, 2024 - 17:23:18:2318] [35mhttp[39m: [35m::1 GET /api/v1/transaction 200 - 19.655 ms[39m
[01 Dec, 2024 - 17:23:45:2345] [34minfo[39m: [34m⚙️  Server is running on port: 8080[39m
[01 Dec, 2024 - 17:23:52:2352] [34minfo[39m: [34m⚙️  Server is running on port: 8080[39m
[01 Dec, 2024 - 17:23:54:2354] [34minfo[39m: [34m⚙️  Server is running on port: 8080[39m
[01 Dec, 2024 - 17:24:04:244] [34minfo[39m: [34m⚙️  Server is running on port: 8080[39m
[01 Dec, 2024 - 17:24:08:248] [34minfo[39m: [34m⚙️  Server is running on port: 8080[39m
[01 Dec, 2024 - 17:24:12:2412] [34minfo[39m: [34m⚙️  Server is running on port: 8080[39m
[01 Dec, 2024 - 17:24:15:2415] [34minfo[39m: [34m⚙️  Server is running on port: 8080[39m
[01 Dec, 2024 - 17:24:18:2418] [34minfo[39m: [34m⚙️  Server is running on port: 8080[39m
[01 Dec, 2024 - 17:24:23:2423] [34minfo[39m: [34m⚙️  Server is running on port: 8080[39m
[01 Dec, 2024 - 17:24:28:2428] [34minfo[39m: [34m⚙️  Server is running on port: 8080[39m
[01 Dec, 2024 - 17:25:16:2516] [35mhttp[39m: [35m::1 POST /api/v1/transaction 201 - 315.834 ms[39m
[01 Dec, 2024 - 17:25:29:2529] [35mhttp[39m: [35m::1 GET /api/v1/transaction 200 - 25.318 ms[39m
[01 Dec, 2024 - 17:25:39:2539] [35mhttp[39m: [35m::1 GET /api/v1/transaction/category 200 - 16.986 ms[39m
[01 Dec, 2024 - 17:29:57:2957] [35mhttp[39m: [35m::1 GET /api/v1/transaction/income 200 - 14.453 ms[39m
[01 Dec, 2024 - 17:30:27:3027] [35mhttp[39m: [35m::1 GET /api/v1/transaction/expense 200 - 13.491 ms[39m
[01 Dec, 2024 - 17:30:48:3048] [35mhttp[39m: [35m::1 GET /api/v1/transaction/balance 200 - 21.499 ms[39m
[01 Dec, 2024 - 17:32:47:3247] [34minfo[39m: [34m⚙️  Server is running on port: 8080[39m
[01 Dec, 2024 - 17:32:54:3254] [34minfo[39m: [34m⚙️  Server is running on port: 8080[39m
[01 Dec, 2024 - 17:32:59:3259] [34minfo[39m: [34m⚙️  Server is running on port: 8080[39m
[01 Dec, 2024 - 17:33:01:331] [34minfo[39m: [34m⚙️  Server is running on port: 8080[39m
[01 Dec, 2024 - 17:33:21:3321] [34minfo[39m: [34m⚙️  Server is running on port: 8080[39m
[01 Dec, 2024 - 17:33:26:3326] [34minfo[39m: [34m⚙️  Server is running on port: 8080[39m
[01 Dec, 2024 - 17:33:28:3328] [34minfo[39m: [34m⚙️  Server is running on port: 8080[39m
[01 Dec, 2024 - 17:33:36:3336] [34minfo[39m: [34m⚙️  Server is running on port: 8080[39m
[01 Dec, 2024 - 17:33:38:3338] [34minfo[39m: [34m⚙️  Server is running on port: 8080[39m
[01 Dec, 2024 - 17:33:41:3341] [34minfo[39m: [34m⚙️  Server is running on port: 8080[39m
[01 Dec, 2024 - 17:33:50:3350] [34minfo[39m: [34m⚙️  Server is running on port: 8080[39m
[01 Dec, 2024 - 17:33:59:3359] [34minfo[39m: [34m⚙️  Server is running on port: 8080[39m
[01 Dec, 2024 - 17:34:00:340] [34minfo[39m: [34m⚙️  Server is running on port: 8080[39m
[01 Dec, 2024 - 17:34:03:343] [34minfo[39m: [34m⚙️  Server is running on port: 8080[39m
[01 Dec, 2024 - 17:34:06:346] [34minfo[39m: [34m⚙️  Server is running on port: 8080[39m
[01 Dec, 2024 - 17:34:40:3440] [34minfo[39m: [34m⚙️  Server is running on port: 8080[39m
[01 Dec, 2024 - 17:34:41:3441] [34minfo[39m: [34m⚙️  Server is running on port: 8080[39m
[01 Dec, 2024 - 17:34:43:3443] [34minfo[39m: [34m⚙️  Server is running on port: 8080[39m
[01 Dec, 2024 - 17:34:51:3451] [34minfo[39m: [34m⚙️  Server is running on port: 8080[39m
[01 Dec, 2024 - 17:34:55:3455] [34minfo[39m: [34m⚙️  Server is running on port: 8080[39m
[01 Dec, 2024 - 17:35:00:350] [34minfo[39m: [34m⚙️  Server is running on port: 8080[39m
[01 Dec, 2024 - 17:35:05:355] [34minfo[39m: [34m⚙️  Server is running on port: 8080[39m
[01 Dec, 2024 - 17:35:11:3511] [34minfo[39m: [34m⚙️  Server is running on port: 8080[39m
[01 Dec, 2024 - 17:35:14:3514] [34minfo[39m: [34m⚙️  Server is running on port: 8080[39m
[01 Dec, 2024 - 17:35:20:3520] [34minfo[39m: [34m⚙️  Server is running on port: 8080[39m
[01 Dec, 2024 - 17:35:29:3529] [34minfo[39m: [34m⚙️  Server is running on port: 8080[39m
[01 Dec, 2024 - 17:35:32:3532] [34minfo[39m: [34m⚙️  Server is running on port: 8080[39m
[01 Dec, 2024 - 17:35:38:3538] [34minfo[39m: [34m⚙️  Server is running on port: 8080[39m
[01 Dec, 2024 - 17:35:41:3541] [34minfo[39m: [34m⚙️  Server is running on port: 8080[39m
[01 Dec, 2024 - 17:35:55:3555] [34minfo[39m: [34m⚙️  Server is running on port: 8080[39m
[01 Dec, 2024 - 17:36:06:366] [34minfo[39m: [34m⚙️  Server is running on port: 8080[39m
[01 Dec, 2024 - 17:36:08:368] [34minfo[39m: [34m⚙️  Server is running on port: 8080[39m
[01 Dec, 2024 - 17:41:17:4117] [34minfo[39m: [34m⚙️  Server is running on port: 8080[39m
[01 Dec, 2024 - 17:41:25:4125] [34minfo[39m: [34m⚙️  Server is running on port: 8080[39m
[01 Dec, 2024 - 17:41:29:4129] [34minfo[39m: [34m⚙️  Server is running on port: 8080[39m
[01 Dec, 2024 - 17:41:34:4134] [34minfo[39m: [34m⚙️  Server is running on port: 8080[39m
[01 Dec, 2024 - 17:41:37:4137] [34minfo[39m: [34m⚙️  Server is running on port: 8080[39m
[01 Dec, 2024 - 17:41:40:4140] [34minfo[39m: [34m⚙️  Server is running on port: 8080[39m
[01 Dec, 2024 - 17:41:46:4146] [34minfo[39m: [34m⚙️  Server is running on port: 8080[39m
[01 Dec, 2024 - 17:41:48:4148] [34minfo[39m: [34m⚙️  Server is running on port: 8080[39m
[01 Dec, 2024 - 17:41:59:4159] [34minfo[39m: [34m⚙️  Server is running on port: 8080[39m
[01 Dec, 2024 - 17:42:03:423] [35mhttp[39m: [35m::1 GET /api/v1/transaction/balance 400 - 29.962 ms[39m
[01 Dec, 2024 - 17:43:26:4326] [34minfo[39m: [34m⚙️  Server is running on port: 8080[39m
[01 Dec, 2024 - 17:43:32:4332] [34minfo[39m: [34m⚙️  Server is running on port: 8080[39m
[01 Dec, 2024 - 17:43:38:4338] [34minfo[39m: [34m⚙️  Server is running on port: 8080[39m
[01 Dec, 2024 - 17:43:52:4352] [34minfo[39m: [34m⚙️  Server is running on port: 8080[39m
[01 Dec, 2024 - 17:43:55:4355] [34minfo[39m: [34m⚙️  Server is running on port: 8080[39m
[01 Dec, 2024 - 17:43:58:4358] [34minfo[39m: [34m⚙️  Server is running on port: 8080[39m
[01 Dec, 2024 - 17:44:01:441] [34minfo[39m: [34m⚙️  Server is running on port: 8080[39m
[01 Dec, 2024 - 17:44:21:4421] [35mhttp[39m: [35m::1 GET /api/v1/transaction/balance 404 - 16.277 ms[39m
[01 Dec, 2024 - 17:44:40:4440] [35mhttp[39m: [35m::1 GET /api/v1/transactions/transaction 200 - 38.978 ms[39m
[01 Dec, 2024 - 17:44:49:4449] [35mhttp[39m: [35m::1 GET /api/v1/transactions/balance 200 - 31.704 ms[39m
[01 Dec, 2024 - 17:45:13:4513] [34minfo[39m: [34m⚙️  Server is running on port: 8080[39m
[01 Dec, 2024 - 17:45:40:4540] [34minfo[39m: [34m⚙️  Server is running on port: 8080[39m
[01 Dec, 2024 - 17:45:52:4552] [34minfo[39m: [34m⚙️  Server is running on port: 8080[39m
[01 Dec, 2024 - 17:45:56:4556] [34minfo[39m: [34m⚙️  Server is running on port: 8080[39m
[01 Dec, 2024 - 17:45:58:4558] [34minfo[39m: [34m⚙️  Server is running on port: 8080[39m
[01 Dec, 2024 - 17:46:21:4621] [34minfo[39m: [34m⚙️  Server is running on port: 8080[39m
[01 Dec, 2024 - 17:46:41:4641] [34minfo[39m: [34m⚙️  Server is running on port: 8080[39m
[01 Dec, 2024 - 17:46:46:4646] [34minfo[39m: [34m⚙️  Server is running on port: 8080[39m
[01 Dec, 2024 - 17:46:59:4659] [34minfo[39m: [34m⚙️  Server is running on port: 8080[39m
[01 Dec, 2024 - 17:47:12:4712] [34minfo[39m: [34m⚙️  Server is running on port: 8080[39m
[01 Dec, 2024 - 17:47:15:4715] [34minfo[39m: [34m⚙️  Server is running on port: 8080[39m
[01 Dec, 2024 - 17:47:20:4720] [34minfo[39m: [34m⚙️  Server is running on port: 8080[39m
[01 Dec, 2024 - 17:47:25:4725] [34minfo[39m: [34m⚙️  Server is running on port: 8080[39m
[01 Dec, 2024 - 17:47:55:4755] [34minfo[39m: [34m⚙️  Server is running on port: 8080[39m
[01 Dec, 2024 - 17:47:58:4758] [34minfo[39m: [34m⚙️  Server is running on port: 8080[39m
[01 Dec, 2024 - 17:48:05:485] [34minfo[39m: [34m⚙️  Server is running on port: 8080[39m
[01 Dec, 2024 - 17:48:07:487] [34minfo[39m: [34m⚙️  Server is running on port: 8080[39m
[01 Dec, 2024 - 17:49:19:4919] [35mhttp[39m: [35m::ffff:127.0.0.1 DELETE /api/v1/auth/logout 200 - 153.744 ms[39m
[01 Dec, 2024 - 17:49:33:4933] [34minfo[39m: [34m⚙️  Server is running on port: 8080[39m
[01 Dec, 2024 - 17:49:40:4940] [34minfo[39m: [34m⚙️  Server is running on port: 8080[39m
[01 Dec, 2024 - 17:49:43:4943] [34minfo[39m: [34m⚙️  Server is running on port: 8080[39m
[01 Dec, 2024 - 17:49:46:4946] [34minfo[39m: [34m⚙️  Server is running on port: 8080[39m
[01 Dec, 2024 - 17:49:50:4950] [34minfo[39m: [34m⚙️  Server is running on port: 8080[39m
[01 Dec, 2024 - 17:49:56:4956] [34minfo[39m: [34m⚙️  Server is running on port: 8080[39m
[01 Dec, 2024 - 17:52:39:5239] [34minfo[39m: [34m⚙️  Server is running on port: 8080[39m
[01 Dec, 2024 - 17:52:44:5244] [34minfo[39m: [34m⚙️  Server is running on port: 8080[39m
[01 Dec, 2024 - 17:52:49:5249] [34minfo[39m: [34m⚙️  Server is running on port: 8080[39m
[01 Dec, 2024 - 17:52:56:5256] [34minfo[39m: [34m⚙️  Server is running on port: 8080[39m
[01 Dec, 2024 - 17:53:37:5337] [34minfo[39m: [34m⚙️  Server is running on port: 8080[39m
[01 Dec, 2024 - 18:40:17:4017] [34minfo[39m: [34m⚙️  Server is running on port: 8080[39m
[01 Dec, 2024 - 18:40:25:4025] [34minfo[39m: [34m⚙️  Server is running on port: 8080[39m
[01 Dec, 2024 - 18:40:37:4037] [34minfo[39m: [34m⚙️  Server is running on port: 8080[39m
[01 Dec, 2024 - 18:40:40:4040] [34minfo[39m: [34m⚙️  Server is running on port: 8080[39m
[01 Dec, 2024 - 18:40:52:4052] [34minfo[39m: [34m⚙️  Server is running on port: 8080[39m
[01 Dec, 2024 - 18:40:59:4059] [34minfo[39m: [34m⚙️  Server is running on port: 8080[39m
[01 Dec, 2024 - 18:41:06:416] [34minfo[39m: [34m⚙️  Server is running on port: 8080[39m
[01 Dec, 2024 - 18:41:13:4113] [34minfo[39m: [34m⚙️  Server is running on port: 8080[39m
[01 Dec, 2024 - 18:41:22:4122] [34minfo[39m: [34m⚙️  Server is running on port: 8080[39m
[01 Dec, 2024 - 18:41:28:4128] [34minfo[39m: [34m⚙️  Server is running on port: 8080[39m
[01 Dec, 2024 - 18:41:34:4134] [34minfo[39m: [34m⚙️  Server is running on port: 8080[39m
[01 Dec, 2024 - 18:41:51:4151] [34minfo[39m: [34m⚙️  Server is running on port: 8080[39m
[01 Dec, 2024 - 18:41:54:4154] [34minfo[39m: [34m⚙️  Server is running on port: 8080[39m
[01 Dec, 2024 - 18:42:02:422] [34minfo[39m: [34m⚙️  Server is running on port: 8080[39m
[01 Dec, 2024 - 18:42:07:427] [34minfo[39m: [34m⚙️  Server is running on port: 8080[39m
[01 Dec, 2024 - 18:42:11:4211] [34minfo[39m: [34m⚙️  Server is running on port: 8080[39m
[01 Dec, 2024 - 18:42:13:4213] [34minfo[39m: [34m⚙️  Server is running on port: 8080[39m
[01 Dec, 2024 - 18:42:17:4217] [34minfo[39m: [34m⚙️  Server is running on port: 8080[39m
[01 Dec, 2024 - 18:42:26:4226] [34minfo[39m: [34m⚙️  Server is running on port: 8080[39m
[01 Dec, 2024 - 18:42:45:4245] [34minfo[39m: [34m⚙️  Server is running on port: 8080[39m
[01 Dec, 2024 - 18:42:47:4247] [34minfo[39m: [34m⚙️  Server is running on port: 8080[39m
[01 Dec, 2024 - 18:42:52:4252] [34minfo[39m: [34m⚙️  Server is running on port: 8080[39m
[01 Dec, 2024 - 18:43:03:433] [34minfo[39m: [34m⚙️  Server is running on port: 8080[39m
[01 Dec, 2024 - 18:43:07:437] [34minfo[39m: [34m⚙️  Server is running on port: 8080[39m
[01 Dec, 2024 - 18:43:15:4315] [34minfo[39m: [34m⚙️  Server is running on port: 8080[39m
[01 Dec, 2024 - 18:43:20:4320] [34minfo[39m: [34m⚙️  Server is running on port: 8080[39m
[01 Dec, 2024 - 18:43:25:4325] [34minfo[39m: [34m⚙️  Server is running on port: 8080[39m
[01 Dec, 2024 - 21:21:37:2137] [34minfo[39m: [34m⚙️  Server is running on port: 8080[39m
[01 Dec, 2024 - 21:22:14:2214] [35mhttp[39m: [35m::1 POST /api/v1/goal 404 - 4.924 ms[39m
[01 Dec, 2024 - 21:22:37:2237] [31merror[39m: [31m[39m
[31mInvalid `prisma.goal.create()` invocation in[39m
[31m/home/ayomide/code/build/tranzact-app/server/src/controllers/goal.control.ts:11:34[39m

[31m   8 const createGoal = asyncHandler(async (req: Request, res: Response) => {[39m
[31m   9   const { name, targetAmount, deadline, description, currentAmount } = req.body;[39m
[31m  10 [39m
[31m→ 11   const goal = await prisma.goal.create({[39m
[31m         data: {[39m
[31m           userId: "cm44nsr2900009f6upoxma1t7",[39m
[31m           name: "Vacation Fund",[39m
[31m           targetAmount: 5000,[39m
[31m           description: "Savings for a vacation to Hawaii",[39m
[31m           deadline: "2025-12-31",[39m
[31m                     ~~~~~~~~~~~~[39m
[31m           currentAmount: 1000[39m
[31m         }[39m
[31m       })[39m

[31mInvalid value for argument `deadline`: premature end of input. Expected ISO-8601 DateTime.[39m
[01 Dec, 2024 - 21:22:37:2237] [35mhttp[39m: [35m::1 POST /api/v1/goals 500 - 73.867 ms[39m
[01 Dec, 2024 - 21:23:40:2340] [34minfo[39m: [34m⚙️  Server is running on port: 8080[39m
[01 Dec, 2024 - 21:23:44:2344] [34minfo[39m: [34m⚙️  Server is running on port: 8080[39m
[01 Dec, 2024 - 21:23:46:2346] [31merror[39m: [31m[39m
[31mInvalid `prisma.goal.create()` invocation in[39m
[31m/home/ayomide/code/build/tranzact-app/server/src/controllers/goal.control.ts:13:34[39m

[31m  10 [39m
[31m  11 console.log(new Date());[39m
[31m  12 [39m
[31m→ 13 const goal = await prisma.goal.create({[39m
[31m       data: {[39m
[31m         userId: "cm44nsr2900009f6upoxma1t7",[39m
[31m         name: "Vacation Fund",[39m
[31m         targetAmount: 5000,[39m
[31m         description: "Savings for a vacation to Hawaii",[39m
[31m         deadline: "2025-12-31",[39m
[31m                   ~~~~~~~~~~~~[39m
[31m         currentAmount: 1000[39m
[31m       }[39m
[31m     })[39m

[31mInvalid value for argument `deadline`: premature end of input. Expected ISO-8601 DateTime.[39m
[01 Dec, 2024 - 21:23:46:2346] [35mhttp[39m: [35m::1 POST /api/v1/goals 500 - 49.643 ms[39m
[01 Dec, 2024 - 21:24:23:2423] [35mhttp[39m: [35m::1 POST /api/v1/goals 201 - 149.951 ms[39m
[01 Dec, 2024 - 21:24:55:2455] [34minfo[39m: [34m⚙️  Server is running on port: 8080[39m
[01 Dec, 2024 - 21:25:00:250] [34minfo[39m: [34m⚙️  Server is running on port: 8080[39m
[01 Dec, 2024 - 21:25:08:258] [34minfo[39m: [34m⚙️  Server is running on port: 8080[39m
[01 Dec, 2024 - 21:25:11:2511] [34minfo[39m: [34m⚙️  Server is running on port: 8080[39m
[01 Dec, 2024 - 21:25:16:2516] [34minfo[39m: [34m⚙️  Server is running on port: 8080[39m
[01 Dec, 2024 - 21:25:19:2519] [35mhttp[39m: [35m::1 POST /api/v1/goals 201 - 20.838 ms[39m
[01 Dec, 2024 - 21:25:29:2529] [35mhttp[39m: [35m::1 POST /api/v1/goals 201 - 13.008 ms[39m
[01 Dec, 2024 - 21:25:59:2559] [35mhttp[39m: [35m::1 POST /api/v1/goals 201 - 11.667 ms[39m
[01 Dec, 2024 - 21:26:13:2613] [34minfo[39m: [34m⚙️  Server is running on port: 8080[39m
[01 Dec, 2024 - 21:26:17:2617] [34minfo[39m: [34m⚙️  Server is running on port: 8080[39m
[01 Dec, 2024 - 21:26:21:2621] [34minfo[39m: [34m⚙️  Server is running on port: 8080[39m
[01 Dec, 2024 - 21:27:27:2727] [35mhttp[39m: [35m::1 POST /api/v1/goals 201 - 153.135 ms[39m
[01 Dec, 2024 - 21:27:37:2737] [35mhttp[39m: [35m::1 GET /api/v1/goals 200 - 16.515 ms[39m
[01 Dec, 2024 - 21:28:21:2821] [35mhttp[39m: [35m::1 GET /api/v1/goals/cm461v0r200036pmf6y0rncix 200 - 12.893 ms[39m
[01 Dec, 2024 - 21:29:26:2926] [34minfo[39m: [34m⚙️  Server is running on port: 8080[39m
[01 Dec, 2024 - 21:29:33:2933] [34minfo[39m: [34m⚙️  Server is running on port: 8080[39m
[01 Dec, 2024 - 21:29:49:2949] [34minfo[39m: [34m⚙️  Server is running on port: 8080[39m
[01 Dec, 2024 - 21:30:21:3021] [35mhttp[39m: [35m::1 PATCH /api/v1/goals/cm461v0r200036pmf6y0rncix 404 - 18.674 ms[39m
[01 Dec, 2024 - 21:30:34:3034] [34minfo[39m: [34m⚙️  Server is running on port: 8080[39m
[01 Dec, 2024 - 21:30:50:3050] [35mhttp[39m: [35m::1 PATCH /api/v1/goals/cm461v0r200036pmf6y0rncix 201 - 168.196 ms[39m
[01 Dec, 2024 - 21:30:59:3059] [35mhttp[39m: [35m::1 PATCH /api/v1/goals/cm461v0r200036pmf6y0rncix 201 - 146.511 ms[39m
[01 Dec, 2024 - 21:31:18:3118] [35mhttp[39m: [35m::1 PATCH /api/v1/goals/cm461v0r200036pmf6y0rncix 201 - 295.156 ms[39m
[01 Dec, 2024 - 21:31:22:3122] [35mhttp[39m: [35m::1 PATCH /api/v1/goals/cm461v0r200036pmf6y0rncix 201 - 356.845 ms[39m
[01 Dec, 2024 - 21:31:33:3133] [35mhttp[39m: [35m::1 PATCH /api/v1/goals/cm461v0r200036pmf6y0rncix 201 - 158.103 ms[39m
[01 Dec, 2024 - 21:31:35:3135] [35mhttp[39m: [35m::1 PATCH /api/v1/goals/cm461v0r200036pmf6y0rncix 201 - 140.351 ms[39m
[01 Dec, 2024 - 21:32:20:3220] [35mhttp[39m: [35m::1 PATCH /api/v1/goals/cm461v0r200036pmf6y0rncix 201 - 182.309 ms[39m
[01 Dec, 2024 - 21:32:52:3252] [34minfo[39m: [34m⚙️  Server is running on port: 8080[39m
[01 Dec, 2024 - 21:32:56:3256] [34minfo[39m: [34m⚙️  Server is running on port: 8080[39m
[01 Dec, 2024 - 21:33:05:335] [35mhttp[39m: [35m::1 PATCH /api/v1/goals/cm461v0r200036pmf6y0rncix 201 - 308.510 ms[39m
[01 Dec, 2024 - 21:33:56:3356] [34minfo[39m: [34m⚙️  Server is running on port: 8080[39m
[01 Dec, 2024 - 21:34:05:345] [34minfo[39m: [34m⚙️  Server is running on port: 8080[39m
[01 Dec, 2024 - 21:34:21:3421] [34minfo[39m: [34m⚙️  Server is running on port: 8080[39m
[01 Dec, 2024 - 21:34:24:3424] [34minfo[39m: [34m⚙️  Server is running on port: 8080[39m
[01 Dec, 2024 - 21:34:26:3426] [34minfo[39m: [34m⚙️  Server is running on port: 8080[39m
[01 Dec, 2024 - 21:34:28:3428] [34minfo[39m: [34m⚙️  Server is running on port: 8080[39m
[01 Dec, 2024 - 21:35:01:351] [35mhttp[39m: [35m::1 PATCH /api/v1/goals/cm461v0r200036pmf6y0rncix 201 - 131.459 ms[39m
[01 Dec, 2024 - 21:35:07:357] [35mhttp[39m: [35m::1 PATCH /api/v1/goals/cm461v0r200036pmf6y0rncix 201 - 259.520 ms[39m
[01 Dec, 2024 - 21:36:43:3643] [35mhttp[39m: [35m::1 POST /api/v1/goals 201 - 150.711 ms[39m
[01 Dec, 2024 - 21:36:50:3650] [35mhttp[39m: [35m::1 GET /api/v1/goals 200 - 15.529 ms[39m
[01 Dec, 2024 - 21:50:56:5056] [34minfo[39m: [34m⚙️  Server is running on port: 8080[39m
[01 Dec, 2024 - 21:52:47:5247] [35mhttp[39m: [35m::1 POST /api/v1/auth/register 200 - 506.388 ms[39m
[01 Dec, 2024 - 21:52:47:5247] [35mhttp[39m: [35m::1 GET /api/v1/all-transactions?n=5 404 - 9.926 ms[39m
[01 Dec, 2024 - 21:52:47:5247] [35mhttp[39m: [35m::1 GET /api/v1/total-income 404 - 2.497 ms[39m
[01 Dec, 2024 - 21:52:47:5247] [35mhttp[39m: [35m::1 GET /api/v1/total-expense 404 - 1.437 ms[39m
[01 Dec, 2024 - 21:52:52:5252] [35mhttp[39m: [35m::1 GET /api/v1/all-transactions?n=5 404 - 1.987 ms[39m
[01 Dec, 2024 - 21:52:52:5252] [35mhttp[39m: [35m::1 GET /api/v1/total-income 404 - 2.152 ms[39m
[01 Dec, 2024 - 21:52:57:5257] [35mhttp[39m: [35m::1 GET /api/v1/total-expense 404 - 6.549 ms[39m
[01 Dec, 2024 - 21:53:07:537] [35mhttp[39m: [35m::1 GET /api/v1/total-expense 404 - 1.274 ms[39m
[01 Dec, 2024 - 21:53:12:5312] [35mhttp[39m: [35m::1 GET /api/v1/all-transactions?n=5 404 - 3.568 ms[39m
[01 Dec, 2024 - 21:53:17:5317] [35mhttp[39m: [35m::1 GET /api/v1/total-income 404 - 4.860 ms[39m
[01 Dec, 2024 - 21:53:26:5326] [35mhttp[39m: [35m::1 GET /api/v1/all-transactions?n=5 404 - 1.156 ms[39m
[01 Dec, 2024 - 21:53:26:5326] [35mhttp[39m: [35m::1 GET /api/v1/total-income 404 - 1.262 ms[39m
[01 Dec, 2024 - 21:53:26:5326] [35mhttp[39m: [35m::1 GET /api/v1/total-expense 404 - 4.184 ms[39m
[01 Dec, 2024 - 21:53:32:5332] [35mhttp[39m: [35m::1 GET /api/v1/total-income 404 - 3.049 ms[39m
[01 Dec, 2024 - 21:53:37:5337] [35mhttp[39m: [35m::1 GET /api/v1/all-transactions?n=5 404 - 3.322 ms[39m
[01 Dec, 2024 - 21:53:37:5337] [35mhttp[39m: [35m::1 GET /api/v1/total-expense 404 - 1.176 ms[39m
[01 Dec, 2024 - 21:53:58:5358] [35mhttp[39m: [35m::1 POST /api/v1/auth/login 200 - 301.380 ms[39m
[01 Dec, 2024 - 21:53:59:5359] [35mhttp[39m: [35m::1 GET /api/v1/all-transactions?n=5 404 - 0.923 ms[39m
[01 Dec, 2024 - 21:53:59:5359] [35mhttp[39m: [35m::1 GET /api/v1/total-income 404 - 1.025 ms[39m
[01 Dec, 2024 - 21:53:59:5359] [35mhttp[39m: [35m::1 GET /api/v1/total-expense 404 - 0.892 ms[39m
[01 Dec, 2024 - 21:54:03:543] [35mhttp[39m: [35m::1 GET /api/v1/all-transactions?n=5 404 - 2.362 ms[39m
[01 Dec, 2024 - 21:54:03:543] [35mhttp[39m: [35m::1 GET /api/v1/total-expense 404 - 0.984 ms[39m
[01 Dec, 2024 - 21:54:04:544] [35mhttp[39m: [35m::1 GET /api/v1/all-transactions?n=5 404 - 1.026 ms[39m
[01 Dec, 2024 - 21:54:04:544] [35mhttp[39m: [35m::1 GET /api/v1/total-income 404 - 0.930 ms[39m
[01 Dec, 2024 - 21:54:04:544] [35mhttp[39m: [35m::1 GET /api/v1/total-expense 404 - 0.912 ms[39m
[01 Dec, 2024 - 21:54:08:548] [35mhttp[39m: [35m::1 GET /api/v1/total-income 404 - 2.575 ms[39m
[01 Dec, 2024 - 21:54:19:5419] [35mhttp[39m: [35m::1 GET /api/v1/total-expense 404 - 0.866 ms[39m
[01 Dec, 2024 - 21:54:20:5420] [35mhttp[39m: [35m::1 GET /api/v1/all-transactions?n=5 404 - 0.874 ms[39m
[01 Dec, 2024 - 21:54:20:5420] [35mhttp[39m: [35m::1 GET /api/v1/total-income 404 - 0.840 ms[39m
[01 Dec, 2024 - 21:54:20:5420] [35mhttp[39m: [35m::1 GET /api/v1/total-expense 404 - 1.067 ms[39m
[01 Dec, 2024 - 21:54:24:5424] [35mhttp[39m: [35m::1 GET /api/v1/all-transactions?n=5 404 - 1.009 ms[39m
[01 Dec, 2024 - 21:54:24:5424] [35mhttp[39m: [35m::1 GET /api/v1/total-income 404 - 1.288 ms[39m
[01 Dec, 2024 - 21:54:25:5425] [35mhttp[39m: [35m::1 GET /api/v1/total-income 404 - 2.691 ms[39m
[01 Dec, 2024 - 21:54:30:5430] [35mhttp[39m: [35m::1 GET /api/v1/all-transactions?n=5 404 - 1.877 ms[39m
[01 Dec, 2024 - 21:54:30:5430] [35mhttp[39m: [35m::1 GET /api/v1/total-expense 404 - 1.254 ms[39m
[01 Dec, 2024 - 21:54:44:5444] [35mhttp[39m: [35m::1 GET /api/v1/total-expense 404 - 1.391 ms[39m
[01 Dec, 2024 - 21:54:45:5445] [35mhttp[39m: [35m::1 GET /api/v1/total-income 404 - 0.916 ms[39m
[01 Dec, 2024 - 21:54:45:5445] [35mhttp[39m: [35m::1 GET /api/v1/total-expense 404 - 0.904 ms[39m
[01 Dec, 2024 - 21:54:54:5454] [35mhttp[39m: [35m::1 GET /api/v1/all-transactions?n=5 404 - 1.718 ms[39m
[01 Dec, 2024 - 21:54:55:5455] [35mhttp[39m: [35m::1 GET /api/v1/all-transactions?n=5 404 - 0.800 ms[39m
[01 Dec, 2024 - 21:55:04:554] [35mhttp[39m: [35m::1 GET /api/v1/total-income 404 - 2.747 ms[39m
[01 Dec, 2024 - 21:55:25:5525] [35mhttp[39m: [35m::1 GET /api/v1/total-income 404 - 0.818 ms[39m
[01 Dec, 2024 - 21:55:30:5530] [35mhttp[39m: [35m::1 GET /api/v1/total-expense 404 - 0.771 ms[39m
[01 Dec, 2024 - 21:55:34:5534] [35mhttp[39m: [35m::1 GET /api/v1/all-transactions?n=5 404 - 0.790 ms[39m
[01 Dec, 2024 - 21:55:35:5535] [35mhttp[39m: [35m::1 GET /api/v1/all-transactions?n=5 404 - 1.023 ms[39m
[01 Dec, 2024 - 21:56:12:5612] [35mhttp[39m: [35m::1 GET /api/v1/all-transactions?n=5 404 - 0.934 ms[39m
[01 Dec, 2024 - 21:56:12:5612] [35mhttp[39m: [35m::1 GET /api/v1/total-income 404 - 0.902 ms[39m
[01 Dec, 2024 - 21:56:12:5612] [35mhttp[39m: [35m::1 GET /api/v1/total-expense 404 - 1.276 ms[39m
[01 Dec, 2024 - 21:56:41:5641] [35mhttp[39m: [35m::1 POST /api/v1/auth/login 200 - 287.481 ms[39m
[01 Dec, 2024 - 21:56:41:5641] [35mhttp[39m: [35m::1 GET /api/v1/all-transactions?n=5 404 - 1.357 ms[39m
[01 Dec, 2024 - 21:56:41:5641] [35mhttp[39m: [35m::1 GET /api/v1/total-income 404 - 2.904 ms[39m
[01 Dec, 2024 - 21:56:41:5641] [35mhttp[39m: [35m::1 GET /api/v1/total-expense 404 - 7.117 ms[39m
[01 Dec, 2024 - 21:56:46:5646] [35mhttp[39m: [35m::1 GET /api/v1/all-transactions?n=5 404 - 0.983 ms[39m
[01 Dec, 2024 - 21:56:46:5646] [35mhttp[39m: [35m::1 GET /api/v1/total-expense 404 - 3.219 ms[39m
[01 Dec, 2024 - 21:56:51:5651] [35mhttp[39m: [35m::1 GET /api/v1/total-income 404 - 3.022 ms[39m
[01 Dec, 2024 - 21:56:56:5656] [35mhttp[39m: [35m::1 GET /api/v1/all-transactions?n=5 404 - 0.792 ms[39m
[01 Dec, 2024 - 21:57:01:571] [35mhttp[39m: [35m::1 GET /api/v1/total-income 404 - 1.220 ms[39m
[01 Dec, 2024 - 21:57:01:571] [35mhttp[39m: [35m::1 GET /api/v1/total-expense 404 - 0.898 ms[39m
[01 Dec, 2024 - 21:57:21:5721] [35mhttp[39m: [35m::1 GET /api/v1/all-transactions?n=5 404 - 1.013 ms[39m
[01 Dec, 2024 - 21:57:21:5721] [35mhttp[39m: [35m::1 GET /api/v1/total-income 404 - 0.981 ms[39m
[01 Dec, 2024 - 21:57:46:5746] [35mhttp[39m: [35m::1 GET /api/v1/total-expense 404 - 2.834 ms[39m
[01 Dec, 2024 - 21:58:01:581] [35mhttp[39m: [35m::1 GET /api/v1/total-income 404 - 0.770 ms[39m
[01 Dec, 2024 - 21:59:07:597] [35mhttp[39m: [35m::1 GET /api/v1/all-transactions?n=5 404 - 5.446 ms[39m
[01 Dec, 2024 - 21:59:07:597] [35mhttp[39m: [35m::1 GET /api/v1/all-transactions?n=5 404 - 0.864 ms[39m
[01 Dec, 2024 - 21:59:09:599] [35mhttp[39m: [35m::1 GET /api/v1/all-transactions?n=5 404 - 2.807 ms[39m
[01 Dec, 2024 - 21:59:14:5914] [35mhttp[39m: [35m::1 GET /api/v1/all-transactions?n=5 404 - 0.862 ms[39m
[01 Dec, 2024 - 21:59:24:5924] [35mhttp[39m: [35m::1 GET /api/v1/all-transactions?n=5 404 - 0.828 ms[39m
[02 Dec, 2024 - 04:04:16:416] [34minfo[39m: [34m⚙️  Server is running on port: 8080[39m
[02 Dec, 2024 - 04:15:00:150] [35mhttp[39m: [35m::1 GET /api/v1 404 - 16.458 ms[39m
[02 Dec, 2024 - 04:15:16:1516] [31merror[39m: [31mUnauthorized request[39m
[02 Dec, 2024 - 04:15:16:1516] [35mhttp[39m: [35m::1 GET /api/v1/transactions/transaction 401 - 12.208 ms[39m
[02 Dec, 2024 - 04:18:09:189] [35mhttp[39m: [35m::1 GET /api/v1/transactions/transaction 200 - 30.001 ms[39m
[02 Dec, 2024 - 04:18:14:1814] [35mhttp[39m: [35m::1 GET /api/v1/transactions/transaction 304 - 7.936 ms[39m
[02 Dec, 2024 - 04:19:03:193] [35mhttp[39m: [35m::1 GET /api/v1/transactions/transaction 304 - 12.090 ms[39m
[02 Dec, 2024 - 04:19:11:1911] [35mhttp[39m: [35m::1 GET /api/v1/transactions/transaction 304 - 5.744 ms[39m
[02 Dec, 2024 - 04:19:18:1918] [35mhttp[39m: [35m::1 GET /api/v1/transactions/transaction 304 - 10.787 ms[39m
[02 Dec, 2024 - 04:19:34:1934] [35mhttp[39m: [35m::1 GET /api/v1/transactions/transaction 304 - 8.056 ms[39m
[02 Dec, 2024 - 04:19:38:1938] [35mhttp[39m: [35m::1 GET /api/v1/transactions/transaction 304 - 8.696 ms[39m
[02 Dec, 2024 - 04:19:53:1953] [35mhttp[39m: [35m::1 GET /api/v1/transactions/transaction 304 - 13.043 ms[39m
[02 Dec, 2024 - 04:20:06:206] [35mhttp[39m: [35m::1 GET /api/v1/transactions/transaction 304 - 12.465 ms[39m
[02 Dec, 2024 - 04:20:10:2010] [35mhttp[39m: [35m::1 GET /api/v1/transactions/transaction 304 - 9.366 ms[39m
[02 Dec, 2024 - 04:20:15:2015] [35mhttp[39m: [35m::1 GET /api/v1/transactions/transaction 304 - 8.276 ms[39m
[02 Dec, 2024 - 04:20:19:2019] [35mhttp[39m: [35m::1 GET /api/v1/transactions/transaction 304 - 4.472 ms[39m
[02 Dec, 2024 - 04:20:24:2024] [35mhttp[39m: [35m::1 GET /api/v1/transactions/transaction 304 - 8.965 ms[39m
[02 Dec, 2024 - 04:21:04:214] [35mhttp[39m: [35m::1 GET /api/v1/transactions/transaction 304 - 7.770 ms[39m
[02 Dec, 2024 - 04:21:13:2113] [35mhttp[39m: [35m::1 GET /api/v1/transactions/transaction 304 - 4.791 ms[39m
[02 Dec, 2024 - 04:21:21:2121] [35mhttp[39m: [35m::1 GET /api/v1/transactions/transaction 304 - 4.893 ms[39m
[02 Dec, 2024 - 04:21:23:2123] [35mhttp[39m: [35m::1 GET /api/v1/transactions/transaction 304 - 8.346 ms[39m
[02 Dec, 2024 - 04:21:27:2127] [35mhttp[39m: [35m::1 GET /api/v1/transactions/transaction 304 - 5.714 ms[39m
[02 Dec, 2024 - 04:21:31:2131] [35mhttp[39m: [35m::1 GET /api/v1/transactions/transaction 304 - 9.163 ms[39m
[02 Dec, 2024 - 04:21:34:2134] [35mhttp[39m: [35m::1 GET /api/v1/transactions/transaction 304 - 6.021 ms[39m
[02 Dec, 2024 - 04:22:03:223] [35mhttp[39m: [35m::1 GET /api/v1/transactions/transaction 304 - 7.387 ms[39m
[02 Dec, 2024 - 04:22:07:227] [35mhttp[39m: [35m::1 GET /api/v1/transactions/transaction 304 - 5.293 ms[39m
[02 Dec, 2024 - 04:22:10:2210] [35mhttp[39m: [35m::1 GET /api/v1/transactions/transaction 304 - 8.903 ms[39m
[02 Dec, 2024 - 04:22:21:2221] [35mhttp[39m: [35m::1 GET /api/v1/transactions/transaction 304 - 5.767 ms[39m
[02 Dec, 2024 - 04:22:28:2228] [35mhttp[39m: [35m::1 GET /api/v1/transactions/transaction 304 - 4.277 ms[39m
[02 Dec, 2024 - 04:22:40:2240] [35mhttp[39m: [35m::1 GET /api/v1/transactions/transaction 304 - 6.977 ms[39m
[02 Dec, 2024 - 04:22:43:2243] [35mhttp[39m: [35m::1 GET /api/v1/transactions/transaction 304 - 15.006 ms[39m
[02 Dec, 2024 - 04:23:18:2318] [35mhttp[39m: [35m::1 GET /api/v1/transactions/transaction 304 - 7.735 ms[39m
[02 Dec, 2024 - 04:23:30:2330] [35mhttp[39m: [35m::1 GET /api/v1/transactions/transaction 304 - 3.900 ms[39m
[02 Dec, 2024 - 04:23:39:2339] [35mhttp[39m: [35m::1 GET /api/v1/transactions/transaction 304 - 5.927 ms[39m
[02 Dec, 2024 - 04:23:44:2344] [35mhttp[39m: [35m::1 GET /api/v1/transactions/transaction 304 - 6.823 ms[39m
[02 Dec, 2024 - 04:23:48:2348] [35mhttp[39m: [35m::1 GET /api/v1/transactions/transaction 304 - 6.260 ms[39m
[02 Dec, 2024 - 04:23:58:2358] [35mhttp[39m: [35m::1 GET /api/v1/transactions/transaction 304 - 10.667 ms[39m
[02 Dec, 2024 - 04:24:04:244] [35mhttp[39m: [35m::1 GET /api/v1/transactions/transaction 304 - 6.794 ms[39m
[02 Dec, 2024 - 04:24:30:2430] [35mhttp[39m: [35m::1 GET /api/v1/transactions/transaction 304 - 4.937 ms[39m
[02 Dec, 2024 - 04:24:45:2445] [35mhttp[39m: [35m::1 GET /api/v1/transactions/transaction 304 - 4.990 ms[39m
[02 Dec, 2024 - 04:25:34:2534] [35mhttp[39m: [35m::1 GET /api/v1/transactions/transaction 304 - 5.074 ms[39m
[02 Dec, 2024 - 04:25:37:2537] [35mhttp[39m: [35m::1 GET /api/v1/transactions/transaction 304 - 8.518 ms[39m
[02 Dec, 2024 - 04:25:41:2541] [35mhttp[39m: [35m::1 GET /api/v1/transactions/transaction 304 - 8.092 ms[39m
[02 Dec, 2024 - 04:25:43:2543] [35mhttp[39m: [35m::1 GET /api/v1/transactions/transaction 304 - 4.169 ms[39m
[02 Dec, 2024 - 04:25:54:2554] [35mhttp[39m: [35m::1 GET /api/v1/transactions/transaction 304 - 10.025 ms[39m
[02 Dec, 2024 - 04:25:57:2557] [31merror[39m: [31mUnauthorized request[39m
[02 Dec, 2024 - 04:25:57:2557] [35mhttp[39m: [35m::1 POST /api/v1/transactions/transaction 401 - 4.272 ms[39m
[02 Dec, 2024 - 04:26:13:2613] [35mhttp[39m: [35m::1 GET /api/v1/transactions/transaction 304 - 3.713 ms[39m
[02 Dec, 2024 - 04:26:24:2624] [35mhttp[39m: [35m::1 GET /api/v1/transactions/transaction 304 - 5.188 ms[39m
[02 Dec, 2024 - 04:26:28:2628] [35mhttp[39m: [35m::1 GET /api/v1/transactions/transaction 304 - 5.353 ms[39m
[02 Dec, 2024 - 04:26:31:2631] [35mhttp[39m: [35m::1 GET /api/v1/transactions/transaction 304 - 6.528 ms[39m
[02 Dec, 2024 - 04:26:35:2635] [35mhttp[39m: [35m::1 GET /api/v1/transactions/transaction 304 - 4.898 ms[39m
[02 Dec, 2024 - 04:27:23:2723] [35mhttp[39m: [35m::1 GET /api/v1/transactions/transaction 304 - 5.779 ms[39m
[02 Dec, 2024 - 04:27:27:2727] [35mhttp[39m: [35m::1 GET /api/v1/transactions/transaction 304 - 5.355 ms[39m
[02 Dec, 2024 - 04:27:30:2730] [35mhttp[39m: [35m::1 GET /api/v1/transactions/transaction 304 - 7.598 ms[39m
[02 Dec, 2024 - 04:27:51:2751] [35mhttp[39m: [35m::1 GET /api/v1/transactions/transaction 304 - 5.079 ms[39m
[02 Dec, 2024 - 04:27:57:2757] [35mhttp[39m: [35m::1 POST /api/v1/transactions/transaction 201 - 186.904 ms[39m
[02 Dec, 2024 - 04:27:57:2757] [35mhttp[39m: [35m::1 GET /api/v1/transactions/transaction 200 - 8.620 ms[39m
[02 Dec, 2024 - 04:28:03:283] [35mhttp[39m: [35m::1 GET /api/v1/transactions/transaction 304 - 10.099 ms[39m
[02 Dec, 2024 - 04:28:15:2815] [35mhttp[39m: [35m::1 GET /api/v1/transactions/transaction 304 - 5.877 ms[39m
[02 Dec, 2024 - 04:28:25:2825] [35mhttp[39m: [35m::1 GET /api/v1/transactions/transaction 304 - 5.246 ms[39m
[02 Dec, 2024 - 04:28:28:2828] [35mhttp[39m: [35m::1 GET /api/v1/transactions/transaction 304 - 5.638 ms[39m
[02 Dec, 2024 - 04:28:31:2831] [35mhttp[39m: [35m::1 GET /api/v1/transactions/transaction 304 - 10.494 ms[39m
[02 Dec, 2024 - 04:28:34:2834] [35mhttp[39m: [35m::1 POST /api/v1/transactions/transaction 201 - 172.910 ms[39m
[02 Dec, 2024 - 04:28:34:2834] [35mhttp[39m: [35m::1 GET /api/v1/transactions/transaction 200 - 9.345 ms[39m
[02 Dec, 2024 - 04:28:45:2845] [35mhttp[39m: [35m::1 GET /api/v1/transactions/transaction 304 - 7.484 ms[39m
[02 Dec, 2024 - 04:28:49:2849] [35mhttp[39m: [35m::1 GET /api/v1/transactions/transaction 304 - 5.460 ms[39m
[02 Dec, 2024 - 04:28:52:2852] [35mhttp[39m: [35m::1 GET /api/v1/transactions/transaction 304 - 7.253 ms[39m
[02 Dec, 2024 - 04:28:55:2855] [35mhttp[39m: [35m::1 POST /api/v1/transactions/transaction 201 - 151.291 ms[39m
[02 Dec, 2024 - 04:28:59:2859] [35mhttp[39m: [35m::1 GET /api/v1/transactions/transaction 200 - 10.207 ms[39m
[02 Dec, 2024 - 04:29:06:296] [35mhttp[39m: [35m::1 GET /api/v1/transactions/transaction 304 - 9.333 ms[39m
[02 Dec, 2024 - 04:29:08:298] [35mhttp[39m: [35m::1 POST /api/v1/transactions/transaction 201 - 288.440 ms[39m
[02 Dec, 2024 - 04:29:19:2919] [35mhttp[39m: [35m::1 GET /api/v1/transactions/transaction 200 - 7.375 ms[39m
[02 Dec, 2024 - 04:29:25:2925] [35mhttp[39m: [35m::1 GET /api/v1/transactions/transaction 304 - 6.356 ms[39m
[02 Dec, 2024 - 04:29:28:2928] [35mhttp[39m: [35m::1 GET /api/v1/transactions/transaction 304 - 8.714 ms[39m
[02 Dec, 2024 - 04:29:30:2930] [35mhttp[39m: [35m::1 POST /api/v1/transactions/transaction 201 - 370.491 ms[39m
[02 Dec, 2024 - 04:29:30:2930] [35mhttp[39m: [35m::1 GET /api/v1/transactions/transaction 200 - 9.060 ms[39m
[02 Dec, 2024 - 04:30:39:3039] [35mhttp[39m: [35m::1 GET /api/v1 404 - 0.752 ms[39m
[02 Dec, 2024 - 04:30:46:3046] [35mhttp[39m: [35m::1 GET /api/v1 404 - 3.147 ms[39m
[02 Dec, 2024 - 04:30:49:3049] [35mhttp[39m: [35m::1 GET /api/v1 404 - 1.779 ms[39m
[02 Dec, 2024 - 04:30:51:3051] [35mhttp[39m: [35m::1 GET /api/v1//transactions/transaction 404 - 0.802 ms[39m
[02 Dec, 2024 - 04:30:54:3054] [35mhttp[39m: [35m::1 GET /api/v1/transactions/transaction 304 - 10.515 ms[39m
[02 Dec, 2024 - 04:31:09:319] [35mhttp[39m: [35m::1 GET /api/v1/transactions/transaction 304 - 9.244 ms[39m
[02 Dec, 2024 - 04:36:32:3632] [35mhttp[39m: [35m::1 GET /api/v1/transactions/transaction 304 - 9.186 ms[39m
[02 Dec, 2024 - 04:36:40:3640] [35mhttp[39m: [35m::1 GET /api/v1/transactions/transaction 304 - 4.998 ms[39m
[02 Dec, 2024 - 04:41:26:4126] [31merror[39m: [31mUnauthorized request[39m
[02 Dec, 2024 - 04:41:26:4126] [35mhttp[39m: [35m::1 GET /api/v1/transactions/transaction 401 - 4.309 ms[39m
[02 Dec, 2024 - 04:41:32:4132] [31merror[39m: [31mUnauthorized request[39m
[02 Dec, 2024 - 04:41:32:4132] [35mhttp[39m: [35m::1 GET /api/v1/transactions/transaction 401 - 3.129 ms[39m
[02 Dec, 2024 - 04:41:42:4142] [31merror[39m: [31mUnauthorized request[39m
[02 Dec, 2024 - 04:41:42:4142] [35mhttp[39m: [35m::1 GET /api/v1/transactions/transaction 401 - 5.401 ms[39m
[02 Dec, 2024 - 04:42:39:4239] [35mhttp[39m: [35m::1 GET /api/v1/transactions/transaction 304 - 8.910 ms[39m
[02 Dec, 2024 - 04:42:49:4249] [35mhttp[39m: [35m::1 GET /api/v1/transactions/transaction 304 - 9.822 ms[39m
[02 Dec, 2024 - 04:44:40:4440] [35mhttp[39m: [35m::1 GET /api/v1/transactions/transaction 304 - 8.225 ms[39m
[02 Dec, 2024 - 04:44:45:4445] [35mhttp[39m: [35m::1 GET /api/v1/transactions/transaction 304 - 5.725 ms[39m
[02 Dec, 2024 - 04:46:29:4629] [35mhttp[39m: [35m::1 GET /api/v1/transactions/transaction 304 - 4.620 ms[39m
[02 Dec, 2024 - 04:46:36:4636] [35mhttp[39m: [35m::1 GET /api/v1/transactions/transaction 304 - 10.931 ms[39m
[02 Dec, 2024 - 04:46:38:4638] [35mhttp[39m: [35m::1 GET /api/v1/transactions/transaction 304 - 4.138 ms[39m
[02 Dec, 2024 - 04:46:42:4642] [35mhttp[39m: [35m::1 GET /api/v1/transactions/transaction 304 - 4.021 ms[39m
[02 Dec, 2024 - 04:46:45:4645] [35mhttp[39m: [35m::1 GET /api/v1/transactions/transaction 304 - 4.343 ms[39m
[02 Dec, 2024 - 04:46:54:4654] [35mhttp[39m: [35m::1 GET /api/v1/transactions/transaction 304 - 9.404 ms[39m
[02 Dec, 2024 - 04:46:56:4656] [35mhttp[39m: [35m::1 GET /api/v1/transactions/transaction 304 - 4.210 ms[39m
[02 Dec, 2024 - 04:46:59:4659] [35mhttp[39m: [35m::1 GET /api/v1/transactions/transaction 304 - 6.236 ms[39m
[02 Dec, 2024 - 04:47:01:471] [35mhttp[39m: [35m::1 GET /api/v1/transactions/transaction 304 - 6.063 ms[39m
[02 Dec, 2024 - 04:47:03:473] [35mhttp[39m: [35m::1 POST /api/v1/transactions/transaction 201 - 281.308 ms[39m
[02 Dec, 2024 - 04:47:12:4712] [35mhttp[39m: [35m::1 GET /api/v1/transactions/transaction 200 - 8.222 ms[39m
[02 Dec, 2024 - 04:47:28:4728] [35mhttp[39m: [35m::1 GET /api/v1/transactions/transaction 304 - 7.563 ms[39m
[02 Dec, 2024 - 04:47:31:4731] [35mhttp[39m: [35m::1 POST /api/v1/transactions/transaction 201 - 174.713 ms[39m
[02 Dec, 2024 - 04:47:37:4737] [35mhttp[39m: [35m::1 GET /api/v1/transactions/transaction 200 - 11.996 ms[39m
[02 Dec, 2024 - 04:47:46:4746] [35mhttp[39m: [35m::1 GET /api/v1/transactions/transaction 304 - 9.604 ms[39m
[02 Dec, 2024 - 04:47:52:4752] [35mhttp[39m: [35m::1 GET /api/v1/transactions/transaction 304 - 3.638 ms[39m
[02 Dec, 2024 - 04:47:53:4753] [35mhttp[39m: [35m::1 POST /api/v1/transactions/transaction 201 - 188.023 ms[39m
[02 Dec, 2024 - 04:47:53:4753] [35mhttp[39m: [35m::1 GET /api/v1/transactions/transaction 200 - 8.710 ms[39m
[02 Dec, 2024 - 04:48:11:4811] [35mhttp[39m: [35m::1 POST /api/v1/transactions/transaction 201 - 188.229 ms[39m
[02 Dec, 2024 - 04:48:11:4811] [35mhttp[39m: [35m::1 GET /api/v1/transactions/transaction 200 - 10.348 ms[39m
[02 Dec, 2024 - 04:48:24:4824] [35mhttp[39m: [35m::1 GET /api/v1/transactions/transaction 304 - 5.690 ms[39m
[02 Dec, 2024 - 04:48:30:4830] [35mhttp[39m: [35m::1 GET /api/v1/transactions/transaction 304 - 5.424 ms[39m
[02 Dec, 2024 - 04:48:34:4834] [35mhttp[39m: [35m::1 GET /api/v1/transactions/transaction 304 - 9.414 ms[39m
[02 Dec, 2024 - 04:53:02:532] [35mhttp[39m: [35m::1 GET /api/v1/transactions/transaction 304 - 9.114 ms[39m
[02 Dec, 2024 - 04:53:26:5326] [35mhttp[39m: [35m::1 GET /api/v1/transactions/transaction 304 - 7.391 ms[39m
[02 Dec, 2024 - 04:53:40:5340] [35mhttp[39m: [35m::1 GET /api/v1/transactions/transaction 304 - 7.177 ms[39m
[02 Dec, 2024 - 04:54:03:543] [35mhttp[39m: [35m::1 GET /api/v1/transactions/transaction 200 - 6.964 ms[39m
[02 Dec, 2024 - 04:54:08:548] [35mhttp[39m: [35m::1 POST /api/v1/transactions/transaction 201 - 175.028 ms[39m
[02 Dec, 2024 - 04:54:08:548] [35mhttp[39m: [35m::1 GET /api/v1/transactions/transaction 200 - 8.742 ms[39m
[02 Dec, 2024 - 04:55:53:5553] [35mhttp[39m: [35m::1 GET /api/v1/transactions/transaction 304 - 7.139 ms[39m
[02 Dec, 2024 - 04:55:56:5556] [35mhttp[39m: [35m::1 GET /api/v1/transactions/transaction 304 - 7.630 ms[39m
[02 Dec, 2024 - 04:55:59:5559] [35mhttp[39m: [35m::1 GET /api/v1/transactions/transaction 304 - 4.025 ms[39m
[02 Dec, 2024 - 04:56:03:563] [35mhttp[39m: [35m::1 GET /api/v1/transactions/transaction 304 - 3.729 ms[39m
[02 Dec, 2024 - 04:56:09:569] [35mhttp[39m: [35m::1 GET /api/v1/transactions/transaction 304 - 3.586 ms[39m
[02 Dec, 2024 - 04:56:12:5612] [35mhttp[39m: [35m::1 GET /api/v1/transactions/transaction 304 - 5.059 ms[39m
[02 Dec, 2024 - 04:56:54:5654] [35mhttp[39m: [35m::1 GET /api/v1/transactions/transaction 304 - 3.953 ms[39m
[02 Dec, 2024 - 04:57:01:571] [35mhttp[39m: [35m::1 GET /api/v1/transactions/transaction 304 - 7.177 ms[39m
[02 Dec, 2024 - 04:57:10:5710] [35mhttp[39m: [35m::1 GET /api/v1/transactions/transaction 304 - 3.462 ms[39m
[02 Dec, 2024 - 04:57:16:5716] [35mhttp[39m: [35m::1 GET /api/v1/transactions/transaction 304 - 4.886 ms[39m
[02 Dec, 2024 - 04:57:26:5726] [35mhttp[39m: [35m::1 GET /api/v1/transactions/transaction 304 - 5.282 ms[39m
[02 Dec, 2024 - 04:57:29:5729] [35mhttp[39m: [35m::1 GET /api/v1/transactions/transaction 304 - 4.595 ms[39m
[02 Dec, 2024 - 04:57:34:5734] [35mhttp[39m: [35m::1 GET /api/v1/transactions/transaction 304 - 7.996 ms[39m
[02 Dec, 2024 - 04:57:42:5742] [35mhttp[39m: [35m::1 GET /api/v1/transactions/transaction 304 - 3.716 ms[39m
[02 Dec, 2024 - 04:57:50:5750] [35mhttp[39m: [35m::1 GET /api/v1/transactions/transaction 304 - 6.616 ms[39m
[02 Dec, 2024 - 04:57:56:5756] [35mhttp[39m: [35m::1 GET /api/v1/transactions/transaction 304 - 4.029 ms[39m
[02 Dec, 2024 - 04:58:04:584] [35mhttp[39m: [35m::1 GET /api/v1/transactions/transaction 304 - 8.232 ms[39m
[02 Dec, 2024 - 04:58:05:585] [35mhttp[39m: [35m::1 POST /api/v1/transactions/transaction 201 - 294.119 ms[39m
[02 Dec, 2024 - 04:58:05:585] [35mhttp[39m: [35m::1 GET /api/v1/transactions/transaction 200 - 8.336 ms[39m
[02 Dec, 2024 - 04:58:28:5828] [35mhttp[39m: [35m::1 GET /api/v1/transactions/transaction 304 - 4.954 ms[39m
[02 Dec, 2024 - 04:58:32:5832] [35mhttp[39m: [35m::1 GET /api/v1/transactions/transaction 304 - 5.218 ms[39m
[02 Dec, 2024 - 04:58:51:5851] [35mhttp[39m: [35m::1 GET /api/v1/transactions/transaction 304 - 6.939 ms[39m
[02 Dec, 2024 - 04:58:53:5853] [35mhttp[39m: [35m::1 GET /api/v1/transactions/transaction 304 - 7.296 ms[39m
[02 Dec, 2024 - 04:59:25:5925] [35mhttp[39m: [35m::1 GET /api/v1/transactions/transaction 304 - 8.557 ms[39m
[02 Dec, 2024 - 04:59:32:5932] [35mhttp[39m: [35m::1 GET /api/v1/transactions/transaction 304 - 6.982 ms[39m
[02 Dec, 2024 - 04:59:36:5936] [35mhttp[39m: [35m::1 GET /api/v1/transactions/transaction 304 - 5.512 ms[39m
[02 Dec, 2024 - 04:59:42:5942] [35mhttp[39m: [35m::1 GET /api/v1/transactions/transaction 304 - 9.174 ms[39m
[02 Dec, 2024 - 04:59:47:5947] [35mhttp[39m: [35m::1 GET /api/v1/transactions/transaction 304 - 5.530 ms[39m
[02 Dec, 2024 - 04:59:53:5953] [35mhttp[39m: [35m::1 GET /api/v1/transactions/transaction 304 - 5.308 ms[39m
[02 Dec, 2024 - 05:00:02:02] [35mhttp[39m: [35m::1 GET /api/v1/transactions/transaction 304 - 6.758 ms[39m
[02 Dec, 2024 - 05:00:16:016] [35mhttp[39m: [35m::1 GET /api/v1/transactions/transaction 304 - 9.513 ms[39m
[02 Dec, 2024 - 05:00:19:019] [35mhttp[39m: [35m::1 GET /api/v1/transactions/transaction 304 - 10.427 ms[39m
[02 Dec, 2024 - 05:00:23:023] [35mhttp[39m: [35m::1 GET /api/v1/transactions/transaction 304 - 7.474 ms[39m
[02 Dec, 2024 - 05:00:29:029] [35mhttp[39m: [35m::1 GET /api/v1/transactions/transaction 304 - 5.790 ms[39m
[02 Dec, 2024 - 05:00:37:037] [35mhttp[39m: [35m::1 GET /api/v1/transactions/transaction 304 - 7.400 ms[39m
[02 Dec, 2024 - 05:00:42:042] [35mhttp[39m: [35m::1 GET /api/v1/transactions/transaction 304 - 5.984 ms[39m
[02 Dec, 2024 - 05:00:46:046] [35mhttp[39m: [35m::1 GET /api/v1/transactions/transaction 304 - 3.335 ms[39m
[02 Dec, 2024 - 05:00:51:051] [35mhttp[39m: [35m::1 GET /api/v1/transactions/transaction 304 - 5.746 ms[39m
[02 Dec, 2024 - 05:01:05:15] [35mhttp[39m: [35m::1 GET /api/v1/transactions/transaction 304 - 4.725 ms[39m
[02 Dec, 2024 - 05:01:11:111] [35mhttp[39m: [35m::1 GET /api/v1/transactions/transaction 304 - 4.038 ms[39m
[02 Dec, 2024 - 05:01:13:113] [35mhttp[39m: [35m::1 POST /api/v1/transactions/transaction 201 - 350.517 ms[39m
[02 Dec, 2024 - 05:01:13:113] [35mhttp[39m: [35m::1 GET /api/v1/transactions/transaction 200 - 13.011 ms[39m
[02 Dec, 2024 - 05:01:35:135] [35mhttp[39m: [35m::1 GET /api/v1/transactions/transaction 304 - 7.148 ms[39m
[02 Dec, 2024 - 05:01:41:141] [35mhttp[39m: [35m::1 GET /api/v1/transactions/transaction 304 - 12.019 ms[39m
[02 Dec, 2024 - 05:01:51:151] [35mhttp[39m: [35m::1 GET /api/v1/transactions/transaction 304 - 4.494 ms[39m
[02 Dec, 2024 - 05:01:56:156] [35mhttp[39m: [35m::1 GET /api/v1/transactions/transaction 304 - 7.842 ms[39m
[02 Dec, 2024 - 05:02:43:243] [35mhttp[39m: [35m::1 GET /api/v1/transactions/transaction 304 - 4.366 ms[39m
[02 Dec, 2024 - 05:03:15:315] [35mhttp[39m: [35m::1 GET /api/v1/transactions/transaction 304 - 6.278 ms[39m
[02 Dec, 2024 - 05:03:20:320] [35mhttp[39m: [35m::1 GET /api/v1/transactions/transaction 304 - 6.182 ms[39m
[02 Dec, 2024 - 05:03:23:323] [35mhttp[39m: [35m::1 GET /api/v1/transactions/transaction 304 - 8.725 ms[39m
[02 Dec, 2024 - 05:03:26:326] [35mhttp[39m: [35m::1 GET /api/v1/transactions/transaction 304 - 7.666 ms[39m
[02 Dec, 2024 - 05:03:33:333] [35mhttp[39m: [35m::1 GET /api/v1/transactions/transaction 304 - 3.627 ms[39m
[02 Dec, 2024 - 05:03:35:335] [35mhttp[39m: [35m::1 GET /api/v1/transactions/transaction 304 - 7.531 ms[39m
[02 Dec, 2024 - 05:03:38:338] [35mhttp[39m: [35m::1 GET /api/v1/transactions/transaction 304 - 8.224 ms[39m
[02 Dec, 2024 - 05:04:04:44] [35mhttp[39m: [35m::1 GET /api/v1/transactions/transaction 304 - 7.204 ms[39m
[02 Dec, 2024 - 05:04:27:427] [35mhttp[39m: [35m::1 GET /api/v1/transactions/transaction 304 - 5.330 ms[39m
[02 Dec, 2024 - 05:04:35:435] [35mhttp[39m: [35m::1 GET /api/v1/transactions/transaction 304 - 4.849 ms[39m
[02 Dec, 2024 - 05:04:39:439] [35mhttp[39m: [35m::1 GET /api/v1/transactions/transaction 304 - 3.907 ms[39m
[02 Dec, 2024 - 05:04:55:455] [35mhttp[39m: [35m::1 GET /api/v1/transactions/transaction 304 - 5.641 ms[39m
[02 Dec, 2024 - 05:05:00:50] [35mhttp[39m: [35m::1 GET /api/v1/transactions/transaction 304 - 8.201 ms[39m
[02 Dec, 2024 - 05:05:14:514] [35mhttp[39m: [35m::1 GET /api/v1/transactions/transaction 304 - 5.482 ms[39m
[02 Dec, 2024 - 05:05:25:525] [35mhttp[39m: [35m::1 GET /api/v1/transactions/transaction 304 - 4.890 ms[39m
[02 Dec, 2024 - 05:05:30:530] [35mhttp[39m: [35m::1 GET /api/v1/transactions/transaction 304 - 7.252 ms[39m
[02 Dec, 2024 - 05:07:47:747] [35mhttp[39m: [35m::1 GET /api/v1/transactions/transaction 304 - 4.237 ms[39m
[02 Dec, 2024 - 05:08:14:814] [35mhttp[39m: [35m::1 GET /api/v1/transactions/transaction 304 - 12.213 ms[39m
[02 Dec, 2024 - 05:10:38:1038] [34minfo[39m: [34m⚙️  Server is running on port: 8080[39m
[02 Dec, 2024 - 05:10:40:1040] [34minfo[39m: [34m⚙️  Server is running on port: 8080[39m
[02 Dec, 2024 - 05:10:49:1049] [34minfo[39m: [34m⚙️  Server is running on port: 8080[39m
[02 Dec, 2024 - 05:10:57:1057] [34minfo[39m: [34m⚙️  Server is running on port: 8080[39m
[02 Dec, 2024 - 05:12:19:1219] [34minfo[39m: [34m⚙️  Server is running on port: 8080[39m
[02 Dec, 2024 - 05:12:22:1222] [34minfo[39m: [34m⚙️  Server is running on port: 8080[39m
[02 Dec, 2024 - 05:12:46:1246] [34minfo[39m: [34m⚙️  Server is running on port: 8080[39m
[02 Dec, 2024 - 05:12:54:1254] [34minfo[39m: [34m⚙️  Server is running on port: 8080[39m
[02 Dec, 2024 - 05:12:56:1256] [34minfo[39m: [34m⚙️  Server is running on port: 8080[39m
[02 Dec, 2024 - 05:13:30:1330] [34minfo[39m: [34m⚙️  Server is running on port: 8080[39m
[02 Dec, 2024 - 05:13:44:1344] [34minfo[39m: [34m⚙️  Server is running on port: 8080[39m
[02 Dec, 2024 - 05:13:56:1356] [34minfo[39m: [34m⚙️  Server is running on port: 8080[39m
[02 Dec, 2024 - 05:14:00:140] [34minfo[39m: [34m⚙️  Server is running on port: 8080[39m
[02 Dec, 2024 - 05:14:06:146] [34minfo[39m: [34m⚙️  Server is running on port: 8080[39m
[02 Dec, 2024 - 05:14:16:1416] [34minfo[39m: [34m⚙️  Server is running on port: 8080[39m
[02 Dec, 2024 - 05:14:28:1428] [34minfo[39m: [34m⚙️  Server is running on port: 8080[39m
[02 Dec, 2024 - 05:14:43:1443] [35mhttp[39m: [35m::1 GET /api/v1/transactions/balance 200 - 33.664 ms[39m
[02 Dec, 2024 - 05:15:15:1515] [35mhttp[39m: [35m::1 GET /api/v1/transactions/transaction 304 - 14.604 ms[39m
[02 Dec, 2024 - 05:15:17:1517] [35mhttp[39m: [35m::1 POST /api/v1/transactions/transaction 201 - 187.130 ms[39m
[02 Dec, 2024 - 05:15:17:1517] [35mhttp[39m: [35m::1 GET /api/v1/transactions/transaction 200 - 15.489 ms[39m
[02 Dec, 2024 - 05:15:23:1523] [35mhttp[39m: [35m::1 GET /api/v1/transactions/balance 200 - 20.913 ms[39m
[02 Dec, 2024 - 05:15:34:1534] [35mhttp[39m: [35m::1 GET /api/v1/transaction/income 404 - 14.125 ms[39m
[02 Dec, 2024 - 05:15:40:1540] [35mhttp[39m: [35m::1 GET /api/v1/transaction/income 404 - 3.956 ms[39m
[02 Dec, 2024 - 05:15:48:1548] [35mhttp[39m: [35m::1 GET /api/v1/transactions/income 200 - 15.703 ms[39m
[02 Dec, 2024 - 05:15:55:1555] [35mhttp[39m: [35m::1 GET /api/v1/transactions/expense 200 - 13.732 ms[39m
[02 Dec, 2024 - 05:16:05:165] [35mhttp[39m: [35m::1 GET /api/v1/transactions/transaction 304 - 8.040 ms[39m
[02 Dec, 2024 - 05:16:30:1630] [34minfo[39m: [34m⚙️  Server is running on port: 8080[39m
[02 Dec, 2024 - 05:16:42:1642] [34minfo[39m: [34m⚙️  Server is running on port: 8080[39m
[02 Dec, 2024 - 05:16:53:1653] [34minfo[39m: [34m⚙️  Server is running on port: 8080[39m
[02 Dec, 2024 - 05:16:56:1656] [34minfo[39m: [34m⚙️  Server is running on port: 8080[39m
[02 Dec, 2024 - 05:16:59:1659] [34minfo[39m: [34m⚙️  Server is running on port: 8080[39m
[02 Dec, 2024 - 05:17:03:173] [34minfo[39m: [34m⚙️  Server is running on port: 8080[39m
[02 Dec, 2024 - 05:17:14:1714] [34minfo[39m: [34m⚙️  Server is running on port: 8080[39m
[02 Dec, 2024 - 05:17:17:1717] [34minfo[39m: [34m⚙️  Server is running on port: 8080[39m
[02 Dec, 2024 - 05:17:32:1732] [34minfo[39m: [34m⚙️  Server is running on port: 8080[39m
[02 Dec, 2024 - 05:17:34:1734] [34minfo[39m: [34m⚙️  Server is running on port: 8080[39m
[02 Dec, 2024 - 05:17:39:1739] [34minfo[39m: [34m⚙️  Server is running on port: 8080[39m
[02 Dec, 2024 - 05:17:43:1743] [34minfo[39m: [34m⚙️  Server is running on port: 8080[39m
[02 Dec, 2024 - 05:17:53:1753] [34minfo[39m: [34m⚙️  Server is running on port: 8080[39m
[02 Dec, 2024 - 05:18:03:183] [34minfo[39m: [34m⚙️  Server is running on port: 8080[39m
[02 Dec, 2024 - 05:18:30:1830] [34minfo[39m: [34m⚙️  Server is running on port: 8080[39m
[02 Dec, 2024 - 05:18:43:1843] [34minfo[39m: [34m⚙️  Server is running on port: 8080[39m
[02 Dec, 2024 - 05:18:50:1850] [34minfo[39m: [34m⚙️  Server is running on port: 8080[39m
[02 Dec, 2024 - 05:19:01:191] [34minfo[39m: [34m⚙️  Server is running on port: 8080[39m
[02 Dec, 2024 - 05:19:03:193] [34minfo[39m: [34m⚙️  Server is running on port: 8080[39m
[02 Dec, 2024 - 05:19:03:193] [35mhttp[39m: [35m::1 GET /api/v1/transactions/transaction 304 - 39.745 ms[39m
[02 Dec, 2024 - 05:20:48:2048] [34minfo[39m: [34m⚙️  Server is running on port: 8080[39m
[02 Dec, 2024 - 05:20:51:2051] [34minfo[39m: [34m⚙️  Server is running on port: 8080[39m
[02 Dec, 2024 - 05:21:01:211] [34minfo[39m: [34m⚙️  Server is running on port: 8080[39m
[02 Dec, 2024 - 05:21:13:2113] [34minfo[39m: [34m⚙️  Server is running on port: 8080[39m
[02 Dec, 2024 - 05:21:16:2116] [34minfo[39m: [34m⚙️  Server is running on port: 8080[39m
[02 Dec, 2024 - 05:21:21:2121] [34minfo[39m: [34m⚙️  Server is running on port: 8080[39m
[02 Dec, 2024 - 05:22:17:2217] [34minfo[39m: [34m⚙️  Server is running on port: 8080[39m
[02 Dec, 2024 - 05:22:24:2224] [34minfo[39m: [34m⚙️  Server is running on port: 8080[39m
[02 Dec, 2024 - 05:22:28:2228] [34minfo[39m: [34m⚙️  Server is running on port: 8080[39m
[02 Dec, 2024 - 05:22:42:2242] [34minfo[39m: [34m⚙️  Server is running on port: 8080[39m
[02 Dec, 2024 - 05:22:50:2250] [34minfo[39m: [34m⚙️  Server is running on port: 8080[39m
[02 Dec, 2024 - 05:22:55:2255] [34minfo[39m: [34m⚙️  Server is running on port: 8080[39m
[02 Dec, 2024 - 05:23:01:231] [34minfo[39m: [34m⚙️  Server is running on port: 8080[39m
[02 Dec, 2024 - 05:23:04:234] [34minfo[39m: [34m⚙️  Server is running on port: 8080[39m
[02 Dec, 2024 - 05:23:07:237] [34minfo[39m: [34m⚙️  Server is running on port: 8080[39m
[02 Dec, 2024 - 05:23:20:2320] [35mhttp[39m: [35m::1 GET /api/v1/transactions/balance 200 - 26.882 ms[39m
[02 Dec, 2024 - 05:24:18:2418] [35mhttp[39m: [35m::1 GET /api/v1/transactions/income 200 - 15.845 ms[39m
[02 Dec, 2024 - 05:24:38:2438] [34minfo[39m: [34m⚙️  Server is running on port: 8080[39m
[02 Dec, 2024 - 05:24:42:2442] [34minfo[39m: [34m⚙️  Server is running on port: 8080[39m
[02 Dec, 2024 - 05:24:44:2444] [34minfo[39m: [34m⚙️  Server is running on port: 8080[39m
[02 Dec, 2024 - 05:24:46:2446] [34minfo[39m: [34m⚙️  Server is running on port: 8080[39m
[02 Dec, 2024 - 05:24:52:2452] [34minfo[39m: [34m⚙️  Server is running on port: 8080[39m
[02 Dec, 2024 - 05:25:04:254] [34minfo[39m: [34m⚙️  Server is running on port: 8080[39m
[02 Dec, 2024 - 05:25:22:2522] [34minfo[39m: [34m⚙️  Server is running on port: 8080[39m
[02 Dec, 2024 - 05:25:25:2525] [34minfo[39m: [34m⚙️  Server is running on port: 8080[39m
[02 Dec, 2024 - 05:25:31:2531] [35mhttp[39m: [35m::1 GET /api/v1/transactions/balance 200 - 33.104 ms[39m
[02 Dec, 2024 - 05:25:41:2541] [34minfo[39m: [34m⚙️  Server is running on port: 8080[39m
[02 Dec, 2024 - 05:25:42:2542] [35mhttp[39m: [35m::1 GET /api/v1/transactions/balance 200 - 32.098 ms[39m
[02 Dec, 2024 - 05:26:01:261] [34minfo[39m: [34m⚙️  Server is running on port: 8080[39m
[02 Dec, 2024 - 05:26:59:2659] [35mhttp[39m: [35m::1 GET /api/v1/transactions/transaction 304 - 43.330 ms[39m
[02 Dec, 2024 - 05:27:47:2747] [35mhttp[39m: [35m::1 GET /api/v1/transactions/transaction 304 - 12.492 ms[39m
[02 Dec, 2024 - 05:27:48:2748] [35mhttp[39m: [35m::1 GET /api/v1/transactions/transaction 200 - 9.755 ms[39m
[02 Dec, 2024 - 05:27:52:2752] [35mhttp[39m: [35m::1 GET /api/v1/transactions/transaction 304 - 6.265 ms[39m
[02 Dec, 2024 - 05:27:56:2756] [35mhttp[39m: [35m::1 GET /api/v1/transactions/transaction 304 - 13.810 ms[39m
[02 Dec, 2024 - 05:28:20:2820] [35mhttp[39m: [35m::1 GET /api/v1/transactions/transaction 304 - 14.342 ms[39m
[02 Dec, 2024 - 05:28:23:2823] [35mhttp[39m: [35m::1 GET /api/v1/transactions/transaction 304 - 8.251 ms[39m
[02 Dec, 2024 - 05:28:55:2855] [35mhttp[39m: [35m::1 GET /api/v1/transactions/transaction 304 - 11.215 ms[39m
[02 Dec, 2024 - 05:28:57:2857] [35mhttp[39m: [35m::1 GET /api/v1/transactions/transaction 304 - 7.706 ms[39m
[02 Dec, 2024 - 05:29:10:2910] [35mhttp[39m: [35m::1 GET /api/v1/transactions/transaction 304 - 13.902 ms[39m
[02 Dec, 2024 - 05:29:32:2932] [35mhttp[39m: [35m::1 GET /api/v1/transactions/balance 200 - 8.467 ms[39m
[02 Dec, 2024 - 05:29:32:2932] [35mhttp[39m: [35m::1 GET /api/v1/transactions/balance 200 - 8.477 ms[39m
[02 Dec, 2024 - 05:29:41:2941] [35mhttp[39m: [35m::1 GET /api/v1/transactions/balance 304 - 5.522 ms[39m
[02 Dec, 2024 - 05:29:43:2943] [35mhttp[39m: [35m::1 GET /api/v1/transactions/balance 304 - 5.258 ms[39m
[02 Dec, 2024 - 05:30:27:3027] [35mhttp[39m: [35m::1 GET /api/v1/transactions/balance 304 - 3.447 ms[39m
[02 Dec, 2024 - 05:30:34:3034] [35mhttp[39m: [35m::1 GET /api/v1/transactions/balance 304 - 4.846 ms[39m
[02 Dec, 2024 - 05:30:55:3055] [35mhttp[39m: [35m::1 GET /api/v1/transactions/balance 304 - 3.537 ms[39m
[02 Dec, 2024 - 05:31:03:313] [35mhttp[39m: [35m::1 GET /api/v1/transactions/balance 304 - 4.205 ms[39m
[02 Dec, 2024 - 05:31:10:3110] [35mhttp[39m: [35m::1 GET /api/v1/transactions/balance 304 - 3.595 ms[39m
[02 Dec, 2024 - 05:31:22:3122] [35mhttp[39m: [35m::1 GET /api/v1/transactions/balance 304 - 7.132 ms[39m
[02 Dec, 2024 - 05:31:54:3154] [35mhttp[39m: [35m::1 GET /api/v1/transactions/balance 304 - 6.927 ms[39m
[02 Dec, 2024 - 05:31:58:3158] [35mhttp[39m: [35m::1 GET /api/v1/transactions/balance 304 - 7.264 ms[39m
[02 Dec, 2024 - 05:32:17:3217] [35mhttp[39m: [35m::1 GET /api/v1/transactions/balance 304 - 8.343 ms[39m
[02 Dec, 2024 - 05:32:32:3232] [35mhttp[39m: [35m::1 GET /api/v1/transactions/balance 304 - 5.440 ms[39m
[02 Dec, 2024 - 05:32:36:3236] [35mhttp[39m: [35m::1 GET /api/v1/transactions/balance 304 - 5.441 ms[39m
[02 Dec, 2024 - 05:32:47:3247] [35mhttp[39m: [35m::1 GET /api/v1/transactions/balance 304 - 4.448 ms[39m
[02 Dec, 2024 - 05:32:56:3256] [35mhttp[39m: [35m::1 GET /api/v1/transactions/balance 304 - 5.480 ms[39m
[02 Dec, 2024 - 05:34:03:343] [35mhttp[39m: [35m::1 GET /api/v1/transactions/balance 304 - 4.423 ms[39m
[02 Dec, 2024 - 05:35:42:3542] [35mhttp[39m: [35m::1 GET /api/v1/transactions/balance 304 - 6.226 ms[39m
[02 Dec, 2024 - 05:37:26:3726] [35mhttp[39m: [35m::1 GET /api/v1/transactions/balance 304 - 4.400 ms[39m
[02 Dec, 2024 - 05:37:34:3734] [35mhttp[39m: [35m::1 GET /api/v1/transactions/balance 304 - 3.710 ms[39m
[02 Dec, 2024 - 05:38:14:3814] [34minfo[39m: [34m⚙️  Server is running on port: 8080[39m
[02 Dec, 2024 - 05:38:16:3816] [34minfo[39m: [34m⚙️  Server is running on port: 8080[39m
[02 Dec, 2024 - 05:38:18:3818] [34minfo[39m: [34m⚙️  Server is running on port: 8080[39m
[02 Dec, 2024 - 05:38:25:3825] [34minfo[39m: [34m⚙️  Server is running on port: 8080[39m
[02 Dec, 2024 - 05:38:36:3836] [34minfo[39m: [34m⚙️  Server is running on port: 8080[39m
[02 Dec, 2024 - 05:38:38:3838] [34minfo[39m: [34m⚙️  Server is running on port: 8080[39m
[02 Dec, 2024 - 05:38:49:3849] [34minfo[39m: [34m⚙️  Server is running on port: 8080[39m
[02 Dec, 2024 - 05:39:02:392] [34minfo[39m: [34m⚙️  Server is running on port: 8080[39m
[02 Dec, 2024 - 05:39:13:3913] [34minfo[39m: [34m⚙️  Server is running on port: 8080[39m
[02 Dec, 2024 - 05:39:15:3915] [34minfo[39m: [34m⚙️  Server is running on port: 8080[39m
[02 Dec, 2024 - 05:39:21:3921] [34minfo[39m: [34m⚙️  Server is running on port: 8080[39m
[02 Dec, 2024 - 05:39:23:3923] [34minfo[39m: [34m⚙️  Server is running on port: 8080[39m
[02 Dec, 2024 - 05:39:29:3929] [34minfo[39m: [34m⚙️  Server is running on port: 8080[39m
[02 Dec, 2024 - 05:39:40:3940] [34minfo[39m: [34m⚙️  Server is running on port: 8080[39m
[02 Dec, 2024 - 05:39:43:3943] [34minfo[39m: [34m⚙️  Server is running on port: 8080[39m
[02 Dec, 2024 - 05:39:44:3944] [35mhttp[39m: [35m::1 GET /api/v1/transactions/balance 400 - 21.913 ms[39m
[02 Dec, 2024 - 05:39:58:3958] [34minfo[39m: [34m⚙️  Server is running on port: 8080[39m
[02 Dec, 2024 - 05:40:01:401] [35mhttp[39m: [35m::1 GET /api/v1/transactions/balance 400 - 29.793 ms[39m
[02 Dec, 2024 - 05:40:23:4023] [34minfo[39m: [34m⚙️  Server is running on port: 8080[39m
[02 Dec, 2024 - 05:40:28:4028] [35mhttp[39m: [35m::1 GET /api/v1/transactions/balance 304 - 35.785 ms[39m
[02 Dec, 2024 - 05:40:35:4035] [35mhttp[39m: [35m::1 GET /api/v1/transactions/balance 304 - 12.300 ms[39m
[02 Dec, 2024 - 05:40:55:4055] [35mhttp[39m: [35m::1 GET /api/v1/transactions/balance 304 - 7.861 ms[39m
[02 Dec, 2024 - 05:41:04:414] [35mhttp[39m: [35m::1 GET /api/v1/transactions/balance 304 - 9.936 ms[39m
[02 Dec, 2024 - 05:41:37:4137] [35mhttp[39m: [35m::1 GET /api/v1/transactions/balance 304 - 10.134 ms[39m
[02 Dec, 2024 - 05:41:42:4142] [35mhttp[39m: [35m::1 GET /api/v1/transactions/balance 304 - 9.322 ms[39m
[02 Dec, 2024 - 05:41:45:4145] [35mhttp[39m: [35m::1 GET /api/v1/transactions/balance 304 - 5.962 ms[39m
[02 Dec, 2024 - 05:41:52:4152] [35mhttp[39m: [35m::1 GET /api/v1/transactions/balance 304 - 4.220 ms[39m
[02 Dec, 2024 - 05:41:57:4157] [35mhttp[39m: [35m::1 GET /api/v1/transactions/balance 304 - 5.938 ms[39m
[02 Dec, 2024 - 05:42:03:423] [35mhttp[39m: [35m::1 GET /api/v1/transactions/balance 304 - 6.068 ms[39m
[02 Dec, 2024 - 05:42:10:4210] [35mhttp[39m: [35m::1 GET /api/v1/transactions/balance 304 - 9.027 ms[39m
[02 Dec, 2024 - 05:42:15:4215] [35mhttp[39m: [35m::1 GET /api/v1/transactions/balance 304 - 6.177 ms[39m
[02 Dec, 2024 - 05:42:19:4219] [35mhttp[39m: [35m::1 GET /api/v1/transactions/balance 304 - 5.118 ms[39m
[02 Dec, 2024 - 05:42:24:4224] [35mhttp[39m: [35m::1 GET /api/v1/transactions/balance 304 - 5.472 ms[39m
[02 Dec, 2024 - 05:42:29:4229] [35mhttp[39m: [35m::1 GET /api/v1/transactions/balance 304 - 8.049 ms[39m
[02 Dec, 2024 - 05:42:33:4233] [35mhttp[39m: [35m::1 GET /api/v1/transactions/balance 304 - 8.335 ms[39m
[02 Dec, 2024 - 05:42:37:4237] [35mhttp[39m: [35m::1 GET /api/v1/transactions/balance 304 - 3.528 ms[39m
[02 Dec, 2024 - 05:42:40:4240] [35mhttp[39m: [35m::1 GET /api/v1/transactions/balance 304 - 6.605 ms[39m
[02 Dec, 2024 - 05:42:44:4244] [35mhttp[39m: [35m::1 GET /api/v1/transactions/balance 304 - 4.069 ms[39m
[02 Dec, 2024 - 05:42:50:4250] [35mhttp[39m: [35m::1 GET /api/v1/transactions/balance 304 - 4.088 ms[39m
[02 Dec, 2024 - 05:42:54:4254] [35mhttp[39m: [35m::1 GET /api/v1/transactions/balance 304 - 6.645 ms[39m
[02 Dec, 2024 - 05:43:23:4323] [35mhttp[39m: [35m::1 GET /api/v1/transactions/balance 304 - 3.422 ms[39m
[02 Dec, 2024 - 05:43:39:4339] [35mhttp[39m: [35m::1 GET /api/v1/transactions/balance 304 - 8.692 ms[39m
[02 Dec, 2024 - 05:43:44:4344] [35mhttp[39m: [35m::1 GET /api/v1/transactions/balance 304 - 8.063 ms[39m
[02 Dec, 2024 - 05:43:47:4347] [35mhttp[39m: [35m::1 GET /api/v1/transactions/balance 304 - 8.446 ms[39m
[02 Dec, 2024 - 05:43:56:4356] [35mhttp[39m: [35m::1 GET /api/v1/transactions/balance 304 - 6.888 ms[39m
[02 Dec, 2024 - 05:44:01:441] [35mhttp[39m: [35m::1 GET /api/v1/transactions/balance 304 - 7.893 ms[39m
[02 Dec, 2024 - 05:44:03:443] [35mhttp[39m: [35m::1 GET /api/v1/transactions/balance 304 - 8.890 ms[39m
[02 Dec, 2024 - 05:44:07:447] [35mhttp[39m: [35m::1 GET /api/v1/transactions/balance 304 - 4.056 ms[39m
[02 Dec, 2024 - 05:44:11:4411] [35mhttp[39m: [35m::1 GET /api/v1/transactions/balance 304 - 4.335 ms[39m
[02 Dec, 2024 - 05:44:14:4414] [35mhttp[39m: [35m::1 GET /api/v1/transactions/balance 304 - 3.862 ms[39m
[02 Dec, 2024 - 05:45:09:459] [35mhttp[39m: [35m::1 GET /api/v1/transactions/balance 304 - 5.048 ms[39m
[02 Dec, 2024 - 05:45:50:4550] [35mhttp[39m: [35m::1 GET /api/v1/transactions/balance 304 - 10.279 ms[39m
[02 Dec, 2024 - 05:45:54:4554] [35mhttp[39m: [35m::1 GET /api/v1/transactions/balance 304 - 2.795 ms[39m
[02 Dec, 2024 - 05:45:59:4559] [35mhttp[39m: [35m::1 GET /api/v1/transactions/balance 304 - 4.775 ms[39m
[02 Dec, 2024 - 05:46:03:463] [35mhttp[39m: [35m::1 GET /api/v1/transactions/balance 304 - 4.122 ms[39m
[02 Dec, 2024 - 05:46:11:4611] [35mhttp[39m: [35m::1 GET /api/v1/transactions/balance 304 - 7.535 ms[39m
[02 Dec, 2024 - 05:46:26:4626] [35mhttp[39m: [35m::1 GET /api/v1/transactions/balance 304 - 12.425 ms[39m
[02 Dec, 2024 - 05:46:36:4636] [35mhttp[39m: [35m::1 GET /api/v1/transactions/balance 304 - 4.437 ms[39m
[02 Dec, 2024 - 05:47:28:4728] [35mhttp[39m: [35m::1 GET /api/v1/transactions/balance 304 - 7.089 ms[39m
[02 Dec, 2024 - 05:50:06:506] [35mhttp[39m: [35m::1 GET /api/v1/transactions/balance 304 - 4.827 ms[39m
[02 Dec, 2024 - 05:50:20:5020] [35mhttp[39m: [35m::1 GET /api/v1/transactions/balance 304 - 6.069 ms[39m
[02 Dec, 2024 - 05:50:28:5028] [35mhttp[39m: [35m::1 GET /api/v1/transactions/balance 304 - 4.394 ms[39m
[02 Dec, 2024 - 05:50:32:5032] [35mhttp[39m: [35m::1 GET /api/v1/transactions/balance 304 - 6.724 ms[39m
[02 Dec, 2024 - 05:50:34:5034] [35mhttp[39m: [35m::1 GET /api/v1/transactions/balance 304 - 9.172 ms[39m
[02 Dec, 2024 - 05:50:43:5043] [35mhttp[39m: [35m::1 GET /api/v1/transactions/balance 304 - 7.841 ms[39m
[02 Dec, 2024 - 05:50:47:5047] [35mhttp[39m: [35m::1 GET /api/v1/transactions/balance 304 - 4.301 ms[39m
[02 Dec, 2024 - 05:50:57:5057] [35mhttp[39m: [35m::1 GET /api/v1/transactions/balance 304 - 3.423 ms[39m
[02 Dec, 2024 - 05:51:02:512] [35mhttp[39m: [35m::1 GET /api/v1/transactions/balance 304 - 6.285 ms[39m
[02 Dec, 2024 - 05:51:12:5112] [35mhttp[39m: [35m::1 GET /api/v1/transactions/balance 304 - 3.527 ms[39m
[02 Dec, 2024 - 05:51:15:5115] [35mhttp[39m: [35m::1 GET /api/v1/transactions/balance 304 - 4.223 ms[39m
[02 Dec, 2024 - 05:51:27:5127] [35mhttp[39m: [35m::1 GET /api/v1/transactions/balance 304 - 7.498 ms[39m
[02 Dec, 2024 - 05:51:30:5130] [35mhttp[39m: [35m::1 GET /api/v1/transactions/balance 304 - 10.292 ms[39m
[02 Dec, 2024 - 05:51:34:5134] [35mhttp[39m: [35m::1 GET /api/v1/transactions/balance 304 - 11.965 ms[39m
[02 Dec, 2024 - 05:51:55:5155] [35mhttp[39m: [35m::1 GET /api/v1/transactions/balance 304 - 8.547 ms[39m
[02 Dec, 2024 - 05:53:29:5329] [34minfo[39m: [34m⚙️  Server is running on port: 8080[39m
[02 Dec, 2024 - 05:53:34:5334] [35mhttp[39m: [35m::1 GET /api/v1/transactions/balance 304 - 46.610 ms[39m
[02 Dec, 2024 - 05:54:34:5434] [34minfo[39m: [34m⚙️  Server is running on port: 8080[39m
[02 Dec, 2024 - 05:54:34:5434] [35mhttp[39m: [35m::1 GET /api/v1/transactions/balance 200 - 35.694 ms[39m
[02 Dec, 2024 - 05:54:45:5445] [35mhttp[39m: [35m::1 GET /api/v1/transactions/balance 304 - 16.803 ms[39m
[02 Dec, 2024 - 05:55:27:5527] [34minfo[39m: [34m⚙️  Server is running on port: 8080[39m
[02 Dec, 2024 - 05:59:37:5937] [35mhttp[39m: [35m::1 GET /api/v1/transactions/balance 304 - 33.803 ms[39m
[02 Dec, 2024 - 05:59:49:5949] [34minfo[39m: [34m⚙️  Server is running on port: 8080[39m
[02 Dec, 2024 - 05:59:50:5950] [35mhttp[39m: [35m::1 GET /api/v1/transactions/balance 200 - 44.128 ms[39m
[02 Dec, 2024 - 05:59:56:5956] [34minfo[39m: [34m⚙️  Server is running on port: 8080[39m
[02 Dec, 2024 - 06:00:00:00] [34minfo[39m: [34m⚙️  Server is running on port: 8080[39m
[02 Dec, 2024 - 06:00:05:05] [34minfo[39m: [34m⚙️  Server is running on port: 8080[39m
[02 Dec, 2024 - 06:00:07:07] [34minfo[39m: [34m⚙️  Server is running on port: 8080[39m
[02 Dec, 2024 - 06:00:08:08] [35mhttp[39m: [35m::1 GET /api/v1/transactions/balance 200 - 48.663 ms[39m
[02 Dec, 2024 - 06:00:13:013] [34minfo[39m: [34m⚙️  Server is running on port: 8080[39m
[02 Dec, 2024 - 06:00:25:025] [34minfo[39m: [34m⚙️  Server is running on port: 8080[39m
[02 Dec, 2024 - 06:00:30:030] [35mhttp[39m: [35m::1 GET /api/v1/transactions/balance 304 - 44.594 ms[39m
[02 Dec, 2024 - 06:05:28:528] [35mhttp[39m: [35m::1 GET /api/v1/transactions/balance 304 - 14.342 ms[39m
[02 Dec, 2024 - 06:06:37:637] [35mhttp[39m: [35m::1 GET /api/v1/transactions/balance 304 - 6.244 ms[39m
[02 Dec, 2024 - 06:06:41:641] [35mhttp[39m: [35m::1 GET /api/v1/transactions/balance 304 - 8.277 ms[39m
[02 Dec, 2024 - 06:06:45:645] [35mhttp[39m: [35m::1 GET /api/v1/transactions/balance 304 - 9.767 ms[39m
[02 Dec, 2024 - 06:07:23:723] [35mhttp[39m: [35m::1 GET /api/v1/transactions/balance 304 - 7.445 ms[39m
[02 Dec, 2024 - 06:07:55:755] [35mhttp[39m: [35m::1 GET /api/v1/transactions/balance 304 - 9.543 ms[39m
