[30 Nov, 2024 - 20:29:22:2922] [34minfo[39m: [34mâš™ï¸  Server is running on port: 8080[39m
[30 Nov, 2024 - 22:02:17:217] [34minfo[39m: [34mâš™ï¸  Server is running on port: 8080[39m
[30 Nov, 2024 - 22:04:26:426] [34minfo[39m: [34mâš™ï¸  Server is running on port: 8080[39m
[30 Nov, 2024 - 22:04:37:437] [34minfo[39m: [34mâš™ï¸  Server is running on port: 8080[39m
[30 Nov, 2024 - 22:43:27:4327] [34minfo[39m: [34mâš™ï¸  Server is running on port: 8080[39m
[30 Nov, 2024 - 22:43:33:4333] [34minfo[39m: [34mâš™ï¸  Server is running on port: 8080[39m
[30 Nov, 2024 - 22:43:44:4344] [34minfo[39m: [34mâš™ï¸  Server is running on port: 8080[39m
[30 Nov, 2024 - 22:43:48:4348] [34minfo[39m: [34mâš™ï¸  Server is running on port: 8080[39m
[30 Nov, 2024 - 22:43:55:4355] [34minfo[39m: [34mâš™ï¸  Server is running on port: 8080[39m
[30 Nov, 2024 - 22:43:58:4358] [34minfo[39m: [34mâš™ï¸  Server is running on port: 8080[39m
[30 Nov, 2024 - 22:44:06:446] [34minfo[39m: [34mâš™ï¸  Server is running on port: 8080[39m
[30 Nov, 2024 - 22:56:34:5634] [34minfo[39m: [34mâš™ï¸  Server is running on port: 8080[39m
[30 Nov, 2024 - 22:56:36:5636] [34minfo[39m: [34mâš™ï¸  Server is running on port: 8080[39m
[30 Nov, 2024 - 22:56:48:5648] [34minfo[39m: [34mâš™ï¸  Server is running on port: 8080[39m
[30 Nov, 2024 - 22:56:51:5651] [34minfo[39m: [34mâš™ï¸  Server is running on port: 8080[39m
[30 Nov, 2024 - 22:56:57:5657] [34minfo[39m: [34mâš™ï¸  Server is running on port: 8080[39m
[30 Nov, 2024 - 23:04:09:49] [34minfo[39m: [34mâš™ï¸  Server is running on port: 8080[39m
[30 Nov, 2024 - 23:04:15:415] [34minfo[39m: [34mâš™ï¸  Server is running on port: 8080[39m
[30 Nov, 2024 - 23:04:21:421] [34minfo[39m: [34mâš™ï¸  Server is running on port: 8080[39m
[30 Nov, 2024 - 23:04:27:427] [34minfo[39m: [34mâš™ï¸  Server is running on port: 8080[39m
[30 Nov, 2024 - 23:04:31:431] [34minfo[39m: [34mâš™ï¸  Server is running on port: 8080[39m
[30 Nov, 2024 - 23:04:34:434] [34minfo[39m: [34mâš™ï¸  Server is running on port: 8080[39m
[30 Nov, 2024 - 23:04:39:439] [34minfo[39m: [34mâš™ï¸  Server is running on port: 8080[39m
[30 Nov, 2024 - 23:04:45:445] [34minfo[39m: [34mâš™ï¸  Server is running on port: 8080[39m
[30 Nov, 2024 - 23:04:51:451] [34minfo[39m: [34mâš™ï¸  Server is running on port: 8080[39m
[30 Nov, 2024 - 23:04:54:454] [34minfo[39m: [34mâš™ï¸  Server is running on port: 8080[39m
[30 Nov, 2024 - 23:04:56:456] [34minfo[39m: [34mâš™ï¸  Server is running on port: 8080[39m
[30 Nov, 2024 - 23:05:01:51] [34minfo[39m: [34mâš™ï¸  Server is running on port: 8080[39m
[01 Dec, 2024 - 17:04:58:458] [34minfo[39m: [34mâš™ï¸  Server is running on port: 8080[39m
[01 Dec, 2024 - 17:05:40:540] [34minfo[39m: [34mâš™ï¸  Server is running on port: 8080[39m
[01 Dec, 2024 - 17:05:43:543] [34minfo[39m: [34mâš™ï¸  Server is running on port: 8080[39m
[01 Dec, 2024 - 17:05:45:545] [34minfo[39m: [34mâš™ï¸  Server is running on port: 8080[39m
[01 Dec, 2024 - 17:05:48:548] [34minfo[39m: [34mâš™ï¸  Server is running on port: 8080[39m
[01 Dec, 2024 - 17:05:50:550] [34minfo[39m: [34mâš™ï¸  Server is running on port: 8080[39m
[01 Dec, 2024 - 17:05:54:554] [34minfo[39m: [34mâš™ï¸  Server is running on port: 8080[39m
[01 Dec, 2024 - 17:06:16:616] [34minfo[39m: [34mâš™ï¸  Server is running on port: 8080[39m
[01 Dec, 2024 - 17:07:51:751] [34minfo[39m: [34mâš™ï¸  Server is running on port: 8080[39m
[01 Dec, 2024 - 17:07:57:757] [34minfo[39m: [34mâš™ï¸  Server is running on port: 8080[39m
[01 Dec, 2024 - 17:08:03:83] [34minfo[39m: [34mâš™ï¸  Server is running on port: 8080[39m
[01 Dec, 2024 - 17:08:31:831] [34minfo[39m: [34mâš™ï¸  Server is running on port: 8080[39m
[01 Dec, 2024 - 17:08:34:834] [34minfo[39m: [34mâš™ï¸  Server is running on port: 8080[39m
[01 Dec, 2024 - 17:08:47:847] [34minfo[39m: [34mâš™ï¸  Server is running on port: 8080[39m
[01 Dec, 2024 - 17:09:03:93] [31merror[39m: [31mUnauthorized request[39m
[01 Dec, 2024 - 17:10:52:1052] [31merror[39m: [31m[39m
[31mInvalid `prisma.category.findUnique()` invocation in[39m
[31m/home/ayomide/code/build/tranzact-app/server/src/controllers/transaction.control.ts:69:47[39m

[31m  66 [39m
[31m  67 let setCategoryId: string | null | undefined;[39m
[31m  68 [39m
[31mâ†’ 69 const checkCategory = await prisma.category.findUnique({[39m
[31m       where: {[39m
[31m         name: undefined,[39m
[31m         userId: "cm44nsr2900009f6upoxma1t7",[39m
[31m     ?   id?: String,[39m
[31m     ?   AND?: CategoryWhereInput | CategoryWhereInput[],[39m
[31m     ?   OR?: CategoryWhereInput[],[39m
[31m     ?   NOT?: CategoryWhereInput | CategoryWhereInput[],[39m
[31m     ?   createdAt?: DateTimeFilter | DateTime,[39m
[31m     ?   transaction?: TransactionListRelationFilter,[39m
[31m     ?   user?: UserRelationFilter | UserWhereInput[39m
[31m       }[39m
[31m     })[39m

[31mArgument `where` of type CategoryWhereUniqueInput needs at least one of `id` or `name` arguments. Available options are marked with ?.[39m
[01 Dec, 2024 - 17:11:47:1147] [31merror[39m: [31m[39m
[31mInvalid `prisma.category.findUnique()` invocation in[39m
[31m/home/ayomide/code/build/tranzact-app/server/src/controllers/transaction.control.ts:69:47[39m

[31m  66 [39m
[31m  67 let setCategoryId: string | null | undefined;[39m
[31m  68 [39m
[31mâ†’ 69 const checkCategory = await prisma.category.findUnique({[39m
[31m       where: {[39m
[31m         name: undefined,[39m
[31m         userId: "cm44nsr2900009f6upoxma1t7",[39m
[31m     ?   id?: String,[39m
[31m     ?   AND?: CategoryWhereInput | CategoryWhereInput[],[39m
[31m     ?   OR?: CategoryWhereInput[],[39m
[31m     ?   NOT?: CategoryWhereInput | CategoryWhereInput[],[39m
[31m     ?   createdAt?: DateTimeFilter | DateTime,[39m
[31m     ?   transaction?: TransactionListRelationFilter,[39m
[31m     ?   user?: UserRelationFilter | UserWhereInput[39m
[31m       }[39m
[31m     })[39m

[31mArgument `where` of type CategoryWhereUniqueInput needs at least one of `id` or `name` arguments. Available options are marked with ?.[39m
[01 Dec, 2024 - 17:11:54:1154] [31merror[39m: [31m[39m
[31mInvalid `prisma.category.findUnique()` invocation in[39m
[31m/home/ayomide/code/build/tranzact-app/server/src/controllers/transaction.control.ts:69:47[39m

[31m  66 [39m
[31m  67 let setCategoryId: string | null | undefined;[39m
[31m  68 [39m
[31mâ†’ 69 const checkCategory = await prisma.category.findUnique({[39m
[31m       where: {[39m
[31m         name: undefined,[39m
[31m         userId: "cm44nsr2900009f6upoxma1t7",[39m
[31m     ?   id?: String,[39m
[31m     ?   AND?: CategoryWhereInput | CategoryWhereInput[],[39m
[31m     ?   OR?: CategoryWhereInput[],[39m
[31m     ?   NOT?: CategoryWhereInput | CategoryWhereInput[],[39m
[31m     ?   createdAt?: DateTimeFilter | DateTime,[39m
[31m     ?   transaction?: TransactionListRelationFilter,[39m
[31m     ?   user?: UserRelationFilter | UserWhereInput[39m
[31m       }[39m
[31m     })[39m

[31mArgument `where` of type CategoryWhereUniqueInput needs at least one of `id` or `name` arguments. Available options are marked with ?.[39m
